0      -0.0563881           -0.0                 0.0                  # force=True stress=True config=isolated_atom
1      -76.74501766         -4.444176349999992   4.820056087333334    # force=True stress=True config=P_vac
2      -77.22054            -4.675631100000004   4.83632726           # force=True stress=True config=P_vac
3      -77.08001766         -4.8532310800000005  4.815119105333333    # force=True stress=True config=P_vac
4      -77.9820955          -4.393489719999991   4.905907052000001    # force=True stress=True config=P_vac
5      -77.44684248         -4.946671860000009   4.833344707999999    # force=True stress=True config=P_vac
6      -77.40135871         -4.784501570000003   4.841123809333333    # force=True stress=True config=P_vac
7      -76.50004978         -4.279984449999986   4.814671022000001    # force=True stress=True config=P_vac
8      -76.95052364         -4.107092000000009   4.856228775999999    # force=True stress=True config=P_vac
9      -76.96183428         -4.330155909999988   4.842111891333334    # force=True stress=True config=P_vac
10     -77.34438703         -4.510931889999995   4.855563676          # force=True stress=True config=P_vac
11     -85.04526548         -3.8844358700000043  5.072551850625       # force=True stress=True config=P_vac
12     -77.47005238         -4.853251939999993   4.841120029333334    # force=True stress=True config=P_vac
13     -77.5976368          -5.02927677000001    4.837890668666666    # force=True stress=True config=P_vac
14     -77.31833355         -4.648812929999991   4.844634708000001    # force=True stress=True config=P_vac
15     -76.71945423         -4.955890320000009   4.7842375939999995   # force=True stress=True config=P_vac
16     -85.12932399         -4.225133639999996   5.0565118968750005   # force=True stress=True config=P_vac
17     -77.66054907         -4.721743129999993   4.862587062666667    # force=True stress=True config=P_vac
18     -77.38138236         -5.14562604999999    4.815717087333335    # force=True stress=True config=P_vac
19     -77.42232269         -5.306571610000006   4.807716738666667    # force=True stress=True config=P_vac
20     -76.76999974         -3.195182849999995   4.904987792666668    # force=True stress=True config=P_vac
21     -77.26211826         -4.566925460000007   4.846346186666666    # force=True stress=True config=P_vac
22     -77.12772377         -5.133023980000004   4.799646652666667    # force=True stress=True config=P_vac
23     -76.87595691         -4.405729530000002   4.831348492          # force=True stress=True config=P_vac
24     -77.2257055          -3.806740640000001   4.894597657333334    # force=True stress=True config=P_vac
25     -76.79631579         -4.208762149999998   4.8391702426666665   # force=True stress=True config=P_vac
26     -76.9215812          -3.99621578          4.861691028          # force=True stress=True config=P_vac
27     -77.22624621         -4.132437240000002   4.872920597999999    # force=True stress=True config=P_vac
28     -76.3782487          -4.971585329999996   4.760444224666667    # force=True stress=True config=P_vac
29     -76.79016987         -4.402572799999987   4.825839804666668    # force=True stress=True config=P_vac
30     -76.85128047         -4.338196190000005   4.834205618666667    # force=True stress=True config=P_vac
31     -68.97010986         -4.698225520000001   4.59084888142857     # force=True stress=True config=P_vac
32     -77.23103224         -5.196491989999998   4.802302683333334    # force=True stress=True config=P_vac
33     -70.92785012         -4.671514950000002   4.732595369285714    # force=True stress=True config=P_vac
34     -77.41571524         -4.174821300000005   4.882726262666666    # force=True stress=True config=P_vac
35     -68.71518049         -5.01552985          4.549975045714286    # force=True stress=True config=P_vac
36     -70.34894137         -4.406650599999999   4.710163626428572    # force=True stress=True config=P_vac
37     -69.14691089         -4.167744829999997   4.641369004285715    # force=True stress=True config=P_vac
38     -69.22372344         -5.390328289999999   4.559528225          # force=True stress=True config=P_vac
39     -69.95770583         -4.502939450000007   4.675340455714285    # force=True stress=True config=P_vac
40     -70.47116654         -4.917816060000007   4.682382177142856    # force=True stress=True config=P_vac
41     -69.57655394         -5.092556200000004   4.605999838571428    # force=True stress=True config=P_vac
42     -71.20069191         -4.944993760000003   4.732549867857143    # force=True stress=True config=P_vac
43     -70.87951574         -5.400882230000001   4.677045250714286    # force=True stress=True config=P_vac
44     -69.14426343         -4.536560729999998   4.614835907142857    # force=True stress=True config=P_vac
45     -69.45215874         -4.750294699999998   4.621561717142858    # force=True stress=True config=P_vac
46     -68.96743627         -4.019183900000002   4.639160883571428    # force=True stress=True config=P_vac
47     -71.04503008         -4.478433570000007   4.754756893571428    # force=True stress=True config=P_vac
48     -69.49874446         -4.746655759999996   4.625149192857143    # force=True stress=True config=P_vac
49     -69.44182131         -5.082127249999999   4.597121004285714    # force=True stress=True config=P_vac
50     -68.80898853         -4.530937949999995   4.591289327142857    # force=True stress=True config=P_vac
51     -69.61402677         -4.751884610000005   4.633010154285714    # force=True stress=True config=P_vac
52     -69.16931105         -4.597840990000002   4.612247861428571    # force=True stress=True config=P_vac
53     -69.41490392         -4.744058899999992   4.619346072857143    # force=True stress=True config=P_vac
54     -77.23606218         -4.914662190000001   4.821426666          # force=True stress=True config=P_vac
55     -69.09915104         -5.102839670000009   4.571165097857142    # force=True stress=True config=P_vac
56     -69.56687946         -5.505586500000007   4.575806639999999    # force=True stress=True config=P_vac
57     -77.27831501         -4.497351949999995   4.852064204          # force=True stress=True config=P_vac
58     -69.57683708         -4.7219074899999995  4.632494970714286    # force=True stress=True config=P_vac
59     -70.63089128         -4.89128462          4.695686189999999    # force=True stress=True config=P_vac
60     -68.70588208         -3.6978187799999915  4.643433092857143    # force=True stress=True config=P_vac
61     -326.49267564        -6.405353089999949   5.080751151587303    # force=True stress=True config=P_vac
62     -327.46291339        -5.985168579999993   5.102821346190476    # force=True stress=True config=P_vac
63     -323.62854595        -6.153289400000006   5.039289786507936    # force=True stress=True config=P_vac
64     -325.90058351        -6.654337080000005   5.067400736984127    # force=True stress=True config=P_vac
65     -326.81231414        -6.414371689999996   5.0856816261904765   # force=True stress=True config=P_vac
66     -325.96317095        -6.530363790000024   5.070362018412698    # force=True stress=True config=P_vac
67     -329.28090659        -6.366448950000006   5.125626311746031    # force=True stress=True config=P_vac
68     -327.03288394        -6.275929430000019   5.091380230317459    # force=True stress=True config=P_vac
69     -324.49811326        -6.367997330000037   5.04968437984127     # force=True stress=True config=P_vac
70     -327.53267053        -6.6575652899999795  5.0932556387301595   # force=True stress=True config=P_vac
71     -325.17516849        -6.262889719999976   5.062099663015873    # force=True stress=True config=P_vac
72     -328.96379346        -6.015868399999988   5.12615754063492     # force=True stress=True config=P_vac
73     -324.94720967        -6.069876299999976   5.061544974126985    # force=True stress=True config=P_vac
74     -326.27473202        -6.149329899999998   5.081355589206349    # force=True stress=True config=P_vac
75     -324.47952729        -6.2291790699999865  5.051592828888889    # force=True stress=True config=P_vac
76     -325.75494817        -6.0602406900000005  5.074519166349206    # force=True stress=True config=P_vac
77     -324.30121865        -6.125390719999984   5.0504099671428575   # force=True stress=True config=P_vac
78     -328.78066005        -6.40354087999998    5.11709712968254     # force=True stress=True config=P_vac
79     -325.2788003         -6.244050200000004   5.064043652380953    # force=True stress=True config=P_vac
80     -326.82851672        -6.5086213600000065  5.084442783492063    # force=True stress=True config=P_vac
81     -328.21571762        -6.411877390000029   5.107997463968254    # force=True stress=True config=P_vac
82     -327.97792041        -6.418616770000028   5.10411593079365     # force=True stress=True config=P_vac
83     -327.76252041        -6.330404440000052   5.102097078888888    # force=True stress=True config=P_vac
84     -323.37056959        -5.443320060000019   5.046464278253968    # force=True stress=True config=P_vac
85     -326.86753377        -6.433353950000026   5.086256822539682    # force=True stress=True config=P_vac
86     -324.73285352        -6.26883706000001    5.054984388253968    # force=True stress=True config=P_vac
87     -326.85085828        -6.126808089999997   5.09085793952381     # force=True stress=True config=P_vac
88     -324.35731953        -6.358063160000029   5.047607243968253    # force=True stress=True config=P_vac
89     -325.03249338        -6.330632869999988   5.058759690634921    # force=True stress=True config=P_vac
90     -328.78017691        -6.230912119999971   5.119829599841271    # force=True stress=True config=P_vac
91     -327.35346458        -6.443052350000016   5.093816067142857    # force=True stress=True config=P_vac
92     -323.34886684        -6.318734689999985   5.03222431984127     # force=True stress=True config=P_vac
93     -325.92098368        -6.2643372900000145  5.073915022063492    # force=True stress=True config=P_vac
94     -327.49537746        -6.254263709999975   5.099065297619048    # force=True stress=True config=P_vac
95     -327.29383534        -6.475217820000012   5.092359008253968    # force=True stress=True config=P_vac
96     -326.4597296         -6.34714563          5.081152126507937    # force=True stress=True config=P_vac
97     -327.11390802        -6.346431450000011   5.091547247142857    # force=True stress=True config=P_vac
98     -326.000559          -6.39502071000004    5.073103782380952    # force=True stress=True config=P_vac
99     -326.44701764        -6.583758850000038   5.077194583968254    # force=True stress=True config=P_vac
100    -326.22420361        -6.225151539999956   5.0793500328571435   # force=True stress=True config=P_vac
101    -325.11157478        -6.244128120000028   5.061388042222222    # force=True stress=True config=P_vac
102    -327.03000807        -6.55105125          5.086967568571429    # force=True stress=True config=P_vac
103    -326.80926818        -6.453999159999967   5.085004270158731    # force=True stress=True config=P_vac
104    -327.54524033        -6.547083979999968   5.095208830952382    # force=True stress=True config=P_vac
105    -326.32163738        -6.294461809999973   5.0797964376190485   # force=True stress=True config=P_vac
106    -324.06924734        -6.42642754000002    5.041949520634921    # force=True stress=True config=P_vac
107    -326.15203529        -6.474878609999962   5.074240582222223    # force=True stress=True config=P_vac
108    -323.34729661        -6.5563181399999735  5.02842822968254     # force=True stress=True config=P_vac
109    -325.76388621        -6.182250409999995   5.072724377777778    # force=True stress=True config=P_vac
110    -328.49308495        -6.28678425999999    5.114385725238096    # force=True stress=True config=P_vac
111    -314.50109047        -4.216986220000024   4.773601603846154    # force=True stress=True config=P_disordered
112    -312.66945155        -0.6785718600000337  4.799859687538461    # force=True stress=True config=P_disordered
113    -312.66674741        0.06383885999997574  4.811239788769231    # force=True stress=True config=P_disordered
114    -313.10557691        7.032045410000023    4.9251941895384626   # force=True stress=True config=P_disordered
115    -312.31679248        -1.371656709999968   4.783771319538462    # force=True stress=True config=P_disordered
116    -311.13344046        7.240989669999976    4.898068155846153    # force=True stress=True config=P_disordered
117    -312.05644416        2.1021202700000003   4.833208683538461    # force=True stress=True config=P_disordered
118    -315.77698403        -2.7535658300000136  4.815744895384615    # force=True stress=True config=P_disordered
119    -312.49391783        2.048966289999953    4.839121294153845    # force=True stress=True config=P_disordered
120    -311.7826098         7.5911067699999535   4.913441793384615    # force=True stress=True config=P_disordered
121    -311.64052771        0.29770670999999993  4.7990497603076925   # force=True stress=True config=P_disordered
122    -312.18416393        1.2657634700000244   4.822306575384616    # force=True stress=True config=P_disordered
123    -314.4014761         -1.2841178499999728  4.8171901269230775   # force=True stress=True config=P_disordered
124    -311.83624281        4.953691950000007    4.873691304          # force=True stress=True config=P_disordered
125    -309.78660708        4.246484150000015    4.831278326615385    # force=True stress=True config=P_disordered
126    -312.53405326        -2.81669844999999    4.764882381692308    # force=True stress=True config=P_disordered
127    -311.68118065        4.142947200000037    4.858832736153847    # force=True stress=True config=P_disordered
128    -313.81128294        0.4105565200000001   4.8341821455384615   # force=True stress=True config=P_disordered
129    -313.57916499        0.6399381900000094   4.834140048923077    # force=True stress=True config=P_disordered
130    -312.15115826        -2.068449409999971   4.770503213076923    # force=True stress=True config=P_disordered
131    -313.7993399         1.4420891699999743   4.8498681395384615   # force=True stress=True config=P_disordered
132    -311.35785558        7.2555631299999845   4.901744903230768    # force=True stress=True config=P_disordered
133    -314.13235843        0.6517570400000068   4.842832545692308    # force=True stress=True config=P_disordered
134    -310.11673809        6.575400699999989    4.872186750615384    # force=True stress=True config=P_disordered
135    -312.42725543        4.188199859999997    4.871007004461538    # force=True stress=True config=P_disordered
136    -313.02807086        2.6447458300000335   4.856504872153847    # force=True stress=True config=P_disordered
137    -311.92133205        -0.45854573999997683 4.791735174          # force=True stress=True config=P_disordered
138    -312.07055944        -3.478232050000031   4.747574267538461    # force=True stress=True config=P_disordered
139    -311.91431981        4.783576949999997    4.87227533476923     # force=True stress=True config=P_disordered
140    -313.74173251        -0.839800069999967   4.813875883692308    # force=True stress=True config=P_disordered
141    -313.68977756        -0.7333032600000138  4.814714989230769    # force=True stress=True config=P_disordered
142    -312.66930756        4.60167512999999     4.8810920413846155   # force=True stress=True config=P_disordered
143    -314.23453821        1.4880568799999878   4.857270693692307    # force=True stress=True config=P_disordered
144    -311.09818062        4.867307480000022    4.861007509230769    # force=True stress=True config=P_disordered
145    -312.20151889        4.961052249999966    4.879424171384614    # force=True stress=True config=P_disordered
146    -312.8886321         3.7274314100000083   4.871016361692308    # force=True stress=True config=P_disordered
147    -314.46817736        -1.4255430700000034  4.816040527538462    # force=True stress=True config=P_disordered
148    -312.49698522        2.1426230700000133   4.840609358307693    # force=True stress=True config=P_disordered
149    -313.38380949        -0.7062553899999671  4.810423909230769    # force=True stress=True config=P_disordered
150    -309.74190723        6.334074699999974    4.862707414307692    # force=True stress=True config=P_disordered
151    -313.32628415        -1.564570720000006   4.796334052769231    # force=True stress=True config=P_disordered
152    -311.6215468         1.3473590400000148   4.814906243692308    # force=True stress=True config=P_disordered
153    -312.561519          -0.8926848399999585  4.794905140923078    # force=True stress=True config=P_disordered
154    -312.04566229        1.5365119699999923   4.824341142461538    # force=True stress=True config=P_disordered
155    -311.32271298        4.919558870000003    4.865265720769231    # force=True stress=True config=P_disordered
156    -311.43864057        5.44275865000003     4.875098449538462    # force=True stress=True config=P_disordered
157    -313.31928155        1.0739851799999656   4.836819488153846    # force=True stress=True config=P_disordered
158    -309.57245191        5.996426229999997    4.854905817538461    # force=True stress=True config=P_disordered
159    -311.69925235        1.0323783000000049   4.8112558561538465   # force=True stress=True config=P_disordered
160    -310.45196703        8.72961441000001     4.910485868307692    # force=True stress=True config=P_disordered
161    -306.05791027        8.33613858000001     4.8368315207692305   # force=True stress=True config=P_disordered
162    -308.34614149        1.2102747399999885   4.762406403538461    # force=True stress=True config=P_disordered
163    -311.05552953        -1.7366614800000093  4.758751816153846    # force=True stress=True config=P_disordered
164    -310.28026823        5.266971879999971    4.85457292476923     # force=True stress=True config=P_disordered
165    -310.97649021        0.2731775900000457   4.788456427692308    # force=True stress=True config=P_disordered
166    -308.60867936        -4.1119575700000155  4.684564950615385    # force=True stress=True config=P_disordered
167    -311.21665623        1.3505658400000016   4.808726493384616    # force=True stress=True config=P_disordered
168    -308.73265023        3.8049156299999822   4.808270243999999    # force=True stress=True config=P_disordered
169    -308.54672553        -2.660709020000013   4.705938715538461    # force=True stress=True config=P_disordered
170    -312.04370701        2.129920889999994    4.833440429230769    # force=True stress=True config=P_disordered
171    -308.58792607        3.260925880000002    4.797674645384615    # force=True stress=True config=P_disordered
172    -307.69745564        9.360456530000022    4.877814033384616    # force=True stress=True config=P_disordered
173    -310.67681938        1.4147524900000121   4.801408798          # force=True stress=True config=P_disordered
174    -310.08727379        -0.33355497999997397 4.765441827846154    # force=True stress=True config=P_disordered
175    -308.79195974        6.517718049999985    4.8509181198461535   # force=True stress=True config=P_disordered
176    -306.64831059        3.4500445699999887   4.770743925538461    # force=True stress=True config=P_disordered
177    -307.41442498        3.1407294600000455   4.777771606769231    # force=True stress=True config=P_disordered
178    -308.48592197        2.1384842499999763   4.77883701876923     # force=True stress=True config=P_disordered
179    -310.81879227        -1.8135619399999996  4.753926620461539    # force=True stress=True config=P_disordered
180    -310.35983029        1.3670080299999654   4.795797512615384    # force=True stress=True config=P_disordered
181    -305.5423009         -1.569208470000035   4.676509114307692    # force=True stress=True config=P_disordered
182    -307.7183789         4.529552700000011    4.8038143323076925   # force=True stress=True config=P_disordered
183    -307.12118946        -0.21244739000002255 4.7216729549230765   # force=True stress=True config=P_disordered
184    -309.19951145        1.3390051700000072   4.777515640307692    # force=True stress=True config=P_disordered
185    -308.32334682        0.6151230399999577   4.752899536307692    # force=True stress=True config=P_disordered
186    -309.90014695        -3.9774346300000047  4.706503266461539    # force=True stress=True config=P_disordered
187    -307.4424784         6.44749139999999     4.829076458461539    # force=True stress=True config=P_disordered
188    -308.36096784        -1.7205264799999895  4.717545251692308    # force=True stress=True config=P_disordered
189    -308.15772618        -0.48919181000002254 4.733362067230769    # force=True stress=True config=P_disordered
190    -303.57816404        11.272845399999994   4.843861683692308    # force=True stress=True config=P_disordered
191    -307.33205102        7.412200509999991    4.842219254307692    # force=True stress=True config=P_disordered
192    -308.942414          0.6496614299999806   4.7629550066153845   # force=True stress=True config=P_disordered
193    -305.43127087        3.2937296800000126   4.749615393076923    # force=True stress=True config=P_disordered
194    -307.86877429        8.522000520000006    4.867550381692308    # force=True stress=True config=P_disordered
195    -308.47976357        1.6112279099999682   4.770630638153846    # force=True stress=True config=P_disordered
196    -308.0063252         1.4006332900000302   4.760107053692308    # force=True stress=True config=P_disordered
197    -304.90583972        12.216733620000014   4.878808820615385    # force=True stress=True config=P_disordered
198    -310.8930084         3.388761969999962    4.835104159538461    # force=True stress=True config=P_disordered
199    -306.96654427        3.862709260000031    4.781988515846154    # force=True stress=True config=P_disordered
200    -308.96140974        3.284377740000025    4.803781345846154    # force=True stress=True config=P_disordered
201    -306.21719096        3.750742559999992    4.7687374387692305   # force=True stress=True config=P_disordered
202    -308.1137048         6.067394770000021    4.833555378          # force=True stress=True config=P_disordered
203    -311.70664366        2.5496583999999984   4.834712339384615    # force=True stress=True config=P_disordered
204    -310.38983955        0.38196147000002156  4.781104631076923    # force=True stress=True config=P_disordered
205    -304.38273946        4.7762641200000076   4.756292362769231    # force=True stress=True config=P_disordered
206    -309.0881958         2.4863028200000485   4.793453824923078    # force=True stress=True config=P_disordered
207    -310.71047146        -0.21915933000002497 4.776789417384615    # force=True stress=True config=P_disordered
208    -309.94959592        2.1330886100000157   4.801272069692308    # force=True stress=True config=P_disordered
209    -307.97352384        0.8889648899999543   4.751730595846153    # force=True stress=True config=P_disordered
210    -309.40730459        6.311282449999965    4.857209031384615    # force=True stress=True config=P_disordered
211    -85.42191973         -4.596429659999998   5.051593129375       # force=True stress=True config=P_subs
212    -83.90095465         -3.637127669999998   5.01648918625        # force=True stress=True config=P_subs
213    -84.3797791          -3.6688682000000057  5.044431931249999    # force=True stress=True config=P_subs
214    -84.458355           -4.019046670000009   5.027456770624999    # force=True stress=True config=P_subs
215    -84.77569822         -3.8411201800000043  5.058411127499999    # force=True stress=True config=P_subs
216    -85.02952568         -4.134388600000008   5.0559460675         # force=True stress=True config=P_subs
217    -84.13287523         -4.093504420000002   5.002460675625       # force=True stress=True config=P_subs
218    -83.56460951         -2.606631710000002   5.0598736125         # force=True stress=True config=P_subs
219    -84.87126122         -4.744167989999994   5.007943326875       # force=True stress=True config=P_subs
220    -84.14005102         -2.9779996700000027  5.072628209375       # force=True stress=True config=P_subs
221    -84.3611812          -3.3972594900000104  5.060245106875       # force=True stress=True config=P_subs
222    -84.6087668          -3.8182757800000076  5.049405688749999    # force=True stress=True config=P_subs
223    -84.54869206         -3.1381425100000087  5.088159346874999    # force=True stress=True config=P_subs
224    -84.90072585         -3.180062559999996   5.107541455625       # force=True stress=True config=P_subs
225    -84.81746255         -3.4654952599999973  5.084497955625       # force=True stress=True config=P_subs
226    -84.84697675         -4.242476580000002   5.037781260625       # force=True stress=True config=P_subs
227    -84.21666223         -3.675656079999996   5.033812884375       # force=True stress=True config=P_subs
228    -84.15271325         -3.221230899999995   5.058217646875001    # force=True stress=True config=P_subs
229    -85.28019937         -3.8930260300000015  5.08669833375        # force=True stress=True config=P_subs
230    -84.95146999         -4.111750409999999   5.0524824737500005   # force=True stress=True config=P_subs
231    -84.8977135          -4.469100150000003   5.0267883343749995   # force=True stress=True config=P_subs
232    -84.12524971         -4.210357950000002   4.994680735          # force=True stress=True config=P_subs
233    -83.71952921         -3.2029116000000073  5.032288600625       # force=True stress=True config=P_subs
234    -84.42126153         -4.970892039999995   4.965648093125       # force=True stress=True config=P_subs
235    -84.79762539         -2.8992730199999954  5.118647023125       # force=True stress=True config=P_subs
236    -84.71526545         -3.0450694999999968  5.1043872468750005   # force=True stress=True config=P_subs
237    -83.1078792          -2.5253901499999927  5.036405565625       # force=True stress=True config=P_subs
238    -84.73142427         -4.65259743          5.0049266775         # force=True stress=True config=P_subs
239    -84.22915866         -2.669877569999997   5.097455068125       # force=True stress=True config=P_subs
240    -84.09205312         -4.449223349999997   4.977676860625       # force=True stress=True config=P_subs
241    -70.91869267         1.464800480000001    4.5239683218749995   # force=True stress=True config=P_subs
242    -71.60697291         1.4793906900000025   4.567897725          # force=True stress=True config=P_subs
243    -72.8479706          0.9416976699999964   4.6118542668749996   # force=True stress=True config=P_subs
244    -73.69593956         1.4525344500000017   4.696779625625       # force=True stress=True config=P_subs
245    -74.89925739         2.179093970000011    4.817396960000001    # force=True stress=True config=P_subs
246    -75.05981133         -0.18083097000000237 4.6799362725         # force=True stress=True config=P_subs
247    -76.56550599         0.5968717300000037   4.822648607500001    # force=True stress=True config=P_subs
248    -77.10185507         1.140134329999995    4.8901243375         # force=True stress=True config=P_subs
249    -77.74356239         -0.510800009999997   4.82704764875        # force=True stress=True config=P_subs
250    -79.3544559          -1.6619172700000036  4.855783664375       # force=True stress=True config=P_subs
251    -79.48561882         -1.3701761599999998  4.88221516625        # force=True stress=True config=P_subs
252    -80.68795168         -0.9934238700000009  4.980907988125       # force=True stress=True config=P_subs
253    -80.29131295         -1.6040583000000055  4.917953415625       # force=True stress=True config=P_subs
254    -80.1629659          -3.2897199500000056  4.804577871875       # force=True stress=True config=P_subs
255    -81.49535065         -2.269474079999995   4.951617285625001    # force=True stress=True config=P_subs
256    -81.71564238         -3.1268809399999924  4.911797590000001    # force=True stress=True config=P_subs
257    -83.3625534          -2.4916455999999982  5.0544317375         # force=True stress=True config=P_subs
258    -83.4599402          -3.155457169999991   5.019030189375001    # force=True stress=True config=P_subs
259    -83.44822259         -3.5838440399999882  4.991523659375001    # force=True stress=True config=P_subs
260    -84.42507601         -2.922112240000004   5.093935235625       # force=True stress=True config=P_subs
261    -84.31734644         -4.369352660000004   4.996749611249999    # force=True stress=True config=P_subs
262    -84.90633468         -4.147477730000006   5.047428559375       # force=True stress=True config=P_subs
263    -83.84831992         -4.287675980000003   4.9725402462499995   # force=True stress=True config=P_subs
264    -84.31688312         -3.8400953000000015  5.02979923875        # force=True stress=True config=P_subs
265    -84.35621297         -3.968690980000005   5.024220124375       # force=True stress=True config=P_subs
266    -84.74153089         -4.621291540000001   5.007514959375       # force=True stress=True config=P_subs
267    -85.21845539         -4.851764010000011   5.0229182112499995   # force=True stress=True config=P_subs
268    -84.54803489         -4.587459960000004   4.9975359331249996   # force=True stress=True config=P_subs
269    -84.78629325         -4.907863090000006   4.992401885          # force=True stress=True config=P_subs
270    -84.9084581          -5.337987250000012   4.9731544281249995   # force=True stress=True config=P_subs
271    -85.10591563         -4.983899710000003   5.007625995          # force=True stress=True config=P_subs
272    -84.87803206         -5.230054009999989   4.977998628125       # force=True stress=True config=P_subs
273    -84.48745746         -4.955360800000008   4.97075604125        # force=True stress=True config=P_subs
274    -84.74979439         -5.62895395999999    4.945052526875001    # force=True stress=True config=P_subs
275    -84.13458261         -5.381820300000001   4.922047644375       # force=True stress=True config=P_subs
276    -84.36790395         -5.914107880000003   4.903362254375       # force=True stress=True config=P_subs
277    -83.75629986         -5.763851900000006   4.8745279974999995   # force=True stress=True config=P_subs
278    -83.52377097         -5.792271960000008   4.858218688125       # force=True stress=True config=P_subs
279    -83.43201147         -5.914108249999998   4.8448689512500005   # force=True stress=True config=P_subs
280    -83.55782144         -5.913192929999994   4.852789281875       # force=True stress=True config=P_subs
281    -83.33865118         -5.932689359999998   4.83787261375        # force=True stress=True config=P_subs
282    -82.952112           -6.114520049999996   4.802349496875       # force=True stress=True config=P_subs
283    -83.0380914          -6.593549519999996   4.7777838675         # force=True stress=True config=P_subs
284    -82.50447843         -6.350761790000007   4.75960729           # force=True stress=True config=P_subs
285    -81.85269818         -6.343913220000005   4.71929906           # force=True stress=True config=P_subs
286    -81.65781698         -6.4294558499999965  4.701772570625001    # force=True stress=True config=P_subs
287    -81.82476201         -6.446697939999993   4.7111290043750005   # force=True stress=True config=P_subs
288    -81.36463463         -6.502439359999997   4.678887204375       # force=True stress=True config=P_subs
289    -81.02767979         -6.556178929999987   4.65446880375        # force=True stress=True config=P_subs
290    -80.61509478         -6.6486533000000065  4.6229025925         # force=True stress=True config=P_subs
291    -87.83782208         5.717694409999993    5.503265675882353    # force=True stress=True config=P_int
292    -86.24713401         8.966278299999999    5.600788959411765    # force=True stress=True config=P_int
293    -87.46779705         4.559796210000002    5.41338783882353     # force=True stress=True config=P_int
294    -87.59813948         5.934137310000011    5.501898634705883    # force=True stress=True config=P_int
295    -87.08694024         4.821025899999995    5.406350949411765    # force=True stress=True config=P_int
296    -87.05951458         7.7656178799999935   5.577948968235294    # force=True stress=True config=P_int
297    -86.39267304         10.241587539999998   5.684368269411765    # force=True stress=True config=P_int
298    -86.86471494         7.4919700300000045   5.550393233529412    # force=True stress=True config=P_int
299    -87.7423116          3.5225278300000014   5.368519966470588    # force=True stress=True config=P_int
# NOTE: output xyz db.xyz already exists, appending new output
# NOTE: output folder out_vasp already exists, some output may be overwritten
300    -87.37287199         4.233018109999989    5.388581770588234    # force=True stress=True config=P_int
301    -86.76754809         8.77783771           5.620316811764706    # force=True stress=True config=P_int
302    -86.52240548         9.094979440000003    5.624552054117648    # force=True stress=True config=P_int
303    -86.15428186         9.689229600000004    5.637853615294118    # force=True stress=True config=P_int
304    -86.35356235         10.388573430000008   5.690713869411765    # force=True stress=True config=P_int
305    -87.6685626          5.158852460000006    5.46043618           # force=True stress=True config=P_int
306    -87.27698163         5.4935617099999945   5.457090784705882    # force=True stress=True config=P_int
307    -86.77034316         5.771312850000001    5.443626824117647    # force=True stress=True config=P_int
308    -87.37799777         7.585889840000007    5.586111035882353    # force=True stress=True config=P_int
309    -87.31906671         4.905001259999992    5.424945174705882    # force=True stress=True config=P_int
310    -86.17502307         9.751867020000006    5.642758240588235    # force=True stress=True config=P_int
311    -86.94106684         8.253320029999998    5.599669815882353    # force=True stress=True config=P_int
312    -86.95466298         7.656597539999993    5.565368265882352    # force=True stress=True config=P_int
313    -87.38400607         7.197601999999989    5.563624004117647    # force=True stress=True config=P_int
314    -87.65847847         6.886238779999999    5.561453955882353    # force=True stress=True config=P_int
315    -87.43465968         6.539657300000002    5.5279009988235295   # force=True stress=True config=P_int
316    -87.24251325         7.94388094           5.599199658235294    # force=True stress=True config=P_int
317    -86.59805991         8.342077310000008    5.584713954117648    # force=True stress=True config=P_int
318    -86.14761043         9.602680620000001    5.632370061764706    # force=True stress=True config=P_int
319    -86.93715473         6.958537320000005    5.523276002941177    # force=True stress=True config=P_int
320    -86.46514062         9.328689120000007    5.634931161176471    # force=True stress=True config=P_int
321    -87.60622651         3.9286726100000067   5.384405830588236    # force=True stress=True config=P_int
322    -87.11932901         5.063307199999997    5.422508012352941    # force=True stress=True config=P_int
323    -86.16047723         9.269641190000002    5.613536377647058    # force=True stress=True config=P_int
324    -87.04434651         7.467259870000007    5.559506257647059    # force=True stress=True config=P_int
325    -87.06993288         5.679893220000011    5.455872123529412    # force=True stress=True config=P_int
326    -87.56067949         4.921583069999997    5.4401330917647055   # force=True stress=True config=P_int
327    -86.98316031         8.848550059999994    5.637159433529412    # force=True stress=True config=P_int
328    -87.11960203         4.752511940000005    5.404241998235294    # force=True stress=True config=P_int
329    -85.93768228         9.832018130000009    5.63351178882353     # force=True stress=True config=P_int
330    -86.02983297         9.738961329999995    5.633458488235294    # force=True stress=True config=P_int
331    -87.50689582         4.0233305            5.38413096           # force=True stress=True config=P_int
332    -87.36999617         5.383322190000001    5.456077550588235    # force=True stress=True config=P_int
333    -86.53294488         9.232902450000012    5.633285137058825    # force=True stress=True config=P_int
334    -86.23305005         8.151851229999991    5.5520530164705875   # force=True stress=True config=P_int
335    -87.74748156         5.814140049999992    5.503624800588234    # force=True stress=True config=P_int
336    -87.22339212         6.021039709999997    5.484966578235294    # force=True stress=True config=P_int
337    -86.07256975         10.411968209999998   5.675561056470588    # force=True stress=True config=P_int
338    -86.7627824          6.105528929999991    5.4628418429411765   # force=True stress=True config=P_int
339    -87.34890912         4.780618709999999    5.41938399           # force=True stress=True config=P_int
340    -86.9092732          7.558140309999999    5.556906677058824    # force=True stress=True config=P_int
341    -87.10472586         -4.156227110000003   4.879323455882353    # force=True stress=True config=P_int
342    -86.41856439         -4.067316930000004   4.844191027058823    # force=True stress=True config=P_int
343    -84.75263351         -4.428758420000008   4.724933828823529    # force=True stress=True config=P_int
344    -86.27741959         -3.909030329999993   4.845199368235294    # force=True stress=True config=P_int
345    -86.64786871         -3.5349245600000074  4.888996714705882    # force=True stress=True config=P_int
346    -86.67622255         -3.91637695          4.868226211764706    # force=True stress=True config=P_int
347    -86.2528511          -3.5286999100000003  4.866126540588235    # force=True stress=True config=P_int
348    -84.95923579         -5.104611730000002   4.697330827058823    # force=True stress=True config=P_int
349    -86.53641329         -4.783227620000005   4.809010921764705    # force=True stress=True config=P_int
350    -83.67836433         -4.877231370000004   4.63536076235294     # force=True stress=True config=P_int
351    -85.99911356         -5.470922600000009   4.736952409411764    # force=True stress=True config=P_int
352    -86.76670153         -1.3245716299999941  5.026007641176471    # force=True stress=True config=P_int
353    -86.62824673         -3.3265981999999923  4.900096972352942    # force=True stress=True config=P_int
354    -87.42223634         -4.870327939999996   4.855994611764706    # force=True stress=True config=P_int
355    -84.13683998         -4.296622229999997   4.696483397058824    # force=True stress=True config=P_int
356    -84.97853395         -0.6884003599999886  4.958243152352942    # force=True stress=True config=P_int
357    -85.2632944          -3.8960866799999962  4.786306336470589    # force=True stress=True config=P_int
358    -86.62379491         -5.0846127800000005  4.796422478235294    # force=True stress=True config=P_int
359    -86.095218           -3.7675839000000053  4.842802005882353    # force=True stress=True config=P_int
360    -86.46466662         -2.4416751999999917  4.942528907058824    # force=True stress=True config=P_int
361    -86.8382777          -0.8866873600000105  5.055975902352941    # force=True stress=True config=P_int
362    -84.87791351         -5.163030370000001   4.689110772941176    # force=True stress=True config=P_int
363    -85.97556076         -4.192937889999996   4.8107425217647055   # force=True stress=True config=P_int
364    -86.48335612         -3.3811345499999987  4.8883659747058825   # force=True stress=True config=P_int
365    -86.84560214         -4.72409755000001    4.830676740588235    # force=True stress=True config=P_int
366    -86.25042812         -3.684672489999997   4.856809154705882    # force=True stress=True config=P_int
367    -84.70139947         -2.081706859999997   4.859981918235294    # force=True stress=True config=P_int
368    -85.84015559         -3.2481082400000076  4.858355726470587    # force=True stress=True config=P_int
369    -86.26157048         -3.779159640000003   4.85190652           # force=True stress=True config=P_int
370    -85.45836626         -3.064922469999999   4.8466731641176475   # force=True stress=True config=P_int
371    -86.63865499         -2.299556179999996   4.961123459411765    # force=True stress=True config=P_int
372    -86.01574751         -4.045641709999998   4.821770929411764    # force=True stress=True config=P_int
373    -86.10188044         -3.6864871700000066  4.84796431           # force=True stress=True config=P_int
374    -86.8178974          -3.2463284199999975  4.915974645882353    # force=True stress=True config=P_int
375    -85.27148971         -5.057018050000011   4.718498332941175    # force=True stress=True config=P_int
376    -85.08972059         0.2697908400000131   5.021147731176471    # force=True stress=True config=P_int
377    -86.19438669         -4.191220559999991   4.823715654705883    # force=True stress=True config=P_int
378    -85.6814521          -5.274751600000002   4.729805911764706    # force=True stress=True config=P_int
379    -85.12220612         -5.233381890000004   4.699342601764705    # force=True stress=True config=P_int
380    -86.48140108         -0.09246197999999595 5.0817023            # force=True stress=True config=P_int
381    -87.14842827         -4.832384650000009   4.842120212941175    # force=True stress=True config=P_int
382    -87.11263487         -4.319876559999997   4.870162253529411    # force=True stress=True config=P_int
383    -86.14054939         1.023006339999995    5.127267984117647    # force=True stress=True config=P_int
384    -86.69853445         -2.705451800000006   4.940769567647059    # force=True stress=True config=P_int
385    -86.60086196         -4.257385980000009   4.84373388117647     # force=True stress=True config=P_int
386    -86.44536712         0.057558830000004946 5.08840740882353     # force=True stress=True config=P_int
387    -86.34870757         -2.818182829999998   4.91356027882353     # force=True stress=True config=P_int
388    -86.62211495         -5.360208560000004   4.780112140588235    # force=True stress=True config=P_int
389    -85.45225443         -5.52291846          4.701725645294117    # force=True stress=True config=P_int
390    -84.231803           -5.238149390000004   4.646685506470588    # force=True stress=True config=P_int
391    -83.75058465         -3.8671572500000053  4.69902514117647     # force=True stress=True config=P_int
392    -82.27124139         -3.71863166          4.620741748823529    # force=True stress=True config=P_int
393    -84.57646398         -3.914594390000005   4.7448158582352935   # force=True stress=True config=P_int
394    -83.59029988         -3.3852504599999946  4.717944083529412    # force=True stress=True config=P_int
395    -84.48880761         -3.271006749999998   4.777517697647059    # force=True stress=True config=P_int
396    -82.84392312         -4.362469570000002   4.61655609117647     # force=True stress=True config=P_int
397    -84.44107048         -3.5791811600000045  4.756581724705882    # force=True stress=True config=P_int
398    -83.5523126          -3.4684595599999994  4.710814884705882    # force=True stress=True config=P_int
399    -82.52400526         -3.9800066800000025  4.620235210588235    # force=True stress=True config=P_int
400    -84.91137928         -3.528264329999999   4.787242055882353    # force=True stress=True config=P_int
401    -337.07846108        -3.7714578000000074  5.127800050461539    # force=True stress=True config=P_int
402    -336.26335669        -3.521180549999997   5.119110402153846    # force=True stress=True config=P_int
