0      -0.0563881           0.0                  0.0                  # force=True stress=True config=isolated_atom
1      -69.5903325          0.0                  0.0                  # force=True stress=True config=Sb_vac
# NOTE: output xyz db.xyz already exists, appending new output
# NOTE: output folder out_vasp already exists, some output may be overwritten
313    -86.01562229         0.0                  0.0                  # force=True stress=True config=Sb_int
314    -86.09541218         0.0                  0.0                  # force=True stress=True config=Sb_int
315    -86.13337462         0.0                  0.0                  # force=True stress=True config=Sb_int
316    -85.93174751         0.0                  0.0                  # force=True stress=True config=Sb_int
317    -86.00341506         0.0                  0.0                  # force=True stress=True config=Sb_int
318    -85.76596852         0.0                  0.0                  # force=True stress=True config=Sb_int
319    -85.99022024         0.0                  0.0                  # force=True stress=True config=Sb_int
320    -85.99971045         0.0                  0.0                  # force=True stress=True config=Sb_int
321    -85.70792759         0.0                  0.0                  # force=True stress=True config=Sb_int
322    -85.77122635         0.0                  0.0                  # force=True stress=True config=Sb_int
323    -85.64740235         0.0                  0.0                  # force=True stress=True config=Sb_int
324    -85.8825611          0.0                  0.0                  # force=True stress=True config=Sb_int
325    -85.718642           0.0                  0.0                  # force=True stress=True config=Sb_int
326    -85.88309433         0.0                  0.0                  # force=True stress=True config=Sb_int
327    -86.15110858         0.0                  0.0                  # force=True stress=True config=Sb_int
328    -85.46139569         0.0                  0.0                  # force=True stress=True config=Sb_int
329    -85.60984357         0.0                  0.0                  # force=True stress=True config=Sb_int
330    -85.61211379         0.0                  0.0                  # force=True stress=True config=Sb_int
331    -85.76118269         0.0                  0.0                  # force=True stress=True config=Sb_int
332    -85.77502674         0.0                  0.0                  # force=True stress=True config=Sb_int
333    -86.02295249         0.0                  0.0                  # force=True stress=True config=Sb_int
334    -85.49101412         0.0                  0.0                  # force=True stress=True config=Sb_int
335    -86.08970488         0.0                  0.0                  # force=True stress=True config=Sb_int
336    -85.50534272         0.0                  0.0                  # force=True stress=True config=Sb_int
337    -86.03310684         0.0                  0.0                  # force=True stress=True config=Sb_int
338    -85.74699            0.0                  0.0                  # force=True stress=True config=Sb_int
339    -85.87145235         0.0                  0.0                  # force=True stress=True config=Sb_int
340    -86.08248378         0.0                  0.0                  # force=True stress=True config=Sb_int
341    -79.87248987         0.0                  0.0                  # force=True stress=True config=Sb_int
342    -78.88510886         0.0                  0.0                  # force=True stress=True config=Sb_int
343    -76.71921056         0.0                  0.0                  # force=True stress=True config=Sb_int
344    -79.49133249         0.0                  0.0                  # force=True stress=True config=Sb_int
345    -79.61938346         0.0                  0.0                  # force=True stress=True config=Sb_int
346    -79.30392312         0.0                  0.0                  # force=True stress=True config=Sb_int
347    -79.09099184         0.0                  0.0                  # force=True stress=True config=Sb_int
348    -76.89990662         0.0                  0.0                  # force=True stress=True config=Sb_int
349    -78.53660216         0.0                  0.0                  # force=True stress=True config=Sb_int
350    -75.75726875         0.0                  0.0                  # force=True stress=True config=Sb_int
351    -77.91835748         0.0                  0.0                  # force=True stress=True config=Sb_int
352    -80.68351293         0.0                  0.0                  # force=True stress=True config=Sb_int
353    -80.08760005         0.0                  0.0                  # force=True stress=True config=Sb_int
354    -79.41576087         0.0                  0.0                  # force=True stress=True config=Sb_int
355    -76.66725769         0.0                  0.0                  # force=True stress=True config=Sb_int
356    -79.17208297         0.0                  0.0                  # force=True stress=True config=Sb_int
357    -78.20994636         0.0                  0.0                  # force=True stress=True config=Sb_int
358    -78.51147566         0.0                  0.0                  # force=True stress=True config=Sb_int
359    -79.00194246         0.0                  0.0                  # force=True stress=True config=Sb_int
360    -80.07177869         0.0                  0.0                  # force=True stress=True config=Sb_int
361    -80.98795408         0.0                  0.0                  # force=True stress=True config=Sb_int
362    -76.85578805         0.0                  0.0                  # force=True stress=True config=Sb_int
363    -78.75308312         0.0                  0.0                  # force=True stress=True config=Sb_int
364    -79.58990572         0.0                  0.0                  # force=True stress=True config=Sb_int
365    -79.05655866         0.0                  0.0                  # force=True stress=True config=Sb_int
366    -79.06571416         0.0                  0.0                  # force=True stress=True config=Sb_int
367    -78.39341792         0.0                  0.0                  # force=True stress=True config=Sb_int
368    -78.82793163         0.0                  0.0                  # force=True stress=True config=Sb_int
369    -79.3056031          0.0                  0.0                  # force=True stress=True config=Sb_int
370    -78.55318829         0.0                  0.0                  # force=True stress=True config=Sb_int
371    -80.2026647          0.0                  0.0                  # force=True stress=True config=Sb_int
372    -78.96008616         0.0                  0.0                  # force=True stress=True config=Sb_int
373    -78.93540637         0.0                  0.0                  # force=True stress=True config=Sb_int
374    -80.02779097         0.0                  0.0                  # force=True stress=True config=Sb_int
375    -77.28304743         0.0                  0.0                  # force=True stress=True config=Sb_int
376    -79.78411603         0.0                  0.0                  # force=True stress=True config=Sb_int
377    -79.10499547         0.0                  0.0                  # force=True stress=True config=Sb_int
378    -77.69573165         0.0                  0.0                  # force=True stress=True config=Sb_int
379    -77.26900804         0.0                  0.0                  # force=True stress=True config=Sb_int
380    -80.96309796         0.0                  0.0                  # force=True stress=True config=Sb_int
381    -79.25793603         0.0                  0.0                  # force=True stress=True config=Sb_int
382    -80.06531844         0.0                  0.0                  # force=True stress=True config=Sb_int
383    -81.32119643         0.0                  0.0                  # force=True stress=True config=Sb_int
384    -80.20428554         0.0                  0.0                  # force=True stress=True config=Sb_int
385    -78.94174835         0.0                  0.0                  # force=True stress=True config=Sb_int
386    -80.99435123         0.0                  0.0                  # force=True stress=True config=Sb_int
387    -79.7795588          0.0                  0.0                  # force=True stress=True config=Sb_int
388    -78.58588867         0.0                  0.0                  # force=True stress=True config=Sb_int
389    -77.43392055         0.0                  0.0                  # force=True stress=True config=Sb_int
390    -76.13269651         0.0                  0.0                  # force=True stress=True config=Sb_int
391    -78.28589538         0.0                  0.0                  # force=True stress=True config=Sb_int
392    -76.93194416         0.0                  0.0                  # force=True stress=True config=Sb_int
393    -79.0218848          0.0                  0.0                  # force=True stress=True config=Sb_int
394    -78.36662782         0.0                  0.0                  # force=True stress=True config=Sb_int
395    -79.24775896         0.0                  0.0                  # force=True stress=True config=Sb_int
396    -77.30821519         0.0                  0.0                  # force=True stress=True config=Sb_int
397    -79.27576959         0.0                  0.0                  # force=True stress=True config=Sb_int
398    -78.36378822         0.0                  0.0                  # force=True stress=True config=Sb_int
399    -77.05145388         0.0                  0.0                  # force=True stress=True config=Sb_int
400    -79.49388396         0.0                  0.0                  # force=True stress=True config=Sb_int
401    -331.99172752        0.0                  0.0                  # force=True stress=True config=Sb_int
402    -330.81152417        0.0                  0.0                  # force=True stress=True config=Sb_int
403    -330.16037624        0.0                  0.0                  # force=True stress=True config=Sb_int
404    -330.60905746        0.0                  0.0                  # force=True stress=True config=Sb_int
405    -331.83454165        0.0                  0.0                  # force=True stress=True config=Sb_int
406    -333.52872391        0.0                  0.0                  # force=True stress=True config=Sb_int
407    -332.94379218        0.0                  0.0                  # force=True stress=True config=Sb_int
