0      -0.0563881           -0.0                 0.0                  # force=True stress=True config=isolated_atom
1      -74.03450875         -4.444176349999992   4.639355493333334    # force=True stress=True config=Sb_vac
2      -73.75638466         -4.675631100000004   4.605383570666666    # force=True stress=True config=Sb_vac
3      -73.99373475         -4.8532310800000005  4.609366911333334    # force=True stress=True config=Sb_vac
4      -74.98551742         -4.393489719999991   4.70613518           # force=True stress=True config=Sb_vac
5      -74.47857609         -4.946671860000009   4.6354602819999995   # force=True stress=True config=Sb_vac
6      -74.20744211         -4.784501570000003   4.628196036          # force=True stress=True config=Sb_vac
7      -72.97503176         -4.279984449999986   4.579669820666667    # force=True stress=True config=Sb_vac
8      -73.76972388         -4.107092000000009   4.644175458666666    # force=True stress=True config=Sb_vac
9      -73.52826882         -4.330155909999988   4.6132075273333335   # force=True stress=True config=Sb_vac
10     -74.81096853         -4.510931889999995   4.686669109333334    # force=True stress=True config=Sb_vac
11     -81.08577832         -3.8844358700000043  4.825083903125       # force=True stress=True config=Sb_vac
12     -74.85724545         -4.853251939999993   4.666932900666667    # force=True stress=True config=Sb_vac
13     -75.33482481         -5.02927677000001    4.687036535999999    # force=True stress=True config=Sb_vac
14     -74.04375445         -4.648812929999991   4.626329434666667    # force=True stress=True config=Sb_vac
15     -73.71042785         -4.955890320000009   4.583635835333333    # force=True stress=True config=Sb_vac
16     -81.40930885         -4.225133639999996   4.824010950625       # force=True stress=True config=Sb_vac
17     -75.12397467         -4.721743129999993   4.693482102666667    # force=True stress=True config=Sb_vac
18     -74.52717471         -5.14562604999999    4.625436577333334    # force=True stress=True config=Sb_vac
19     -75.42656481         -5.306571610000006   4.674666213333333    # force=True stress=True config=Sb_vac
20     -72.25960836         -3.195182849999995   4.604295034000001    # force=True stress=True config=Sb_vac
21     -73.91148984         -4.566925460000007   4.6229709586666665   # force=True stress=True config=Sb_vac
22     -74.10590666         -5.133023980000004   4.598192178666666    # force=True stress=True config=Sb_vac
23     -73.22839178         -4.405729530000002   4.588177483333333    # force=True stress=True config=Sb_vac
24     -73.35014539         -3.806740640000001   4.636226983333333    # force=True stress=True config=Sb_vac
25     -72.86864998         -4.208762149999998   4.577325855333333    # force=True stress=True config=Sb_vac
26     -73.71296651         -3.99621578          4.647783382          # force=True stress=True config=Sb_vac
27     -73.32003227         -4.132437240000002   4.612506335333333    # force=True stress=True config=Sb_vac
28     -73.27877391         -4.971585329999996   4.553812572          # force=True stress=True config=Sb_vac
29     -73.1397538          -4.402572799999987   4.582478733333334    # force=True stress=True config=Sb_vac
30     -73.21475708         -4.338196190000005   4.591770725999999    # force=True stress=True config=Sb_vac
31     -65.37614447         -4.698225520000001   4.334137067857143    # force=True stress=True config=Sb_vac
32     -74.47440902         -5.196491989999998   4.618527802          # force=True stress=True config=Sb_vac
33     -68.2500382          -4.671514950000002   4.541323089285714    # force=True stress=True config=Sb_vac
34     -74.32955936         -4.174821300000005   4.676982537333333    # force=True stress=True config=Sb_vac
35     -65.77342338         -5.01552985          4.339849537857143    # force=True stress=True config=Sb_vac
36     -66.62098877         -4.406650599999999   4.443881297857143    # force=True stress=True config=Sb_vac
37     -65.38123198         -4.167744829999997   4.3723919392857145   # force=True stress=True config=Sb_vac
38     -66.40257172         -5.390328289999999   4.358017387857143    # force=True stress=True config=Sb_vac
39     -68.17614138         -4.502939450000007   4.548085852142857    # force=True stress=True config=Sb_vac
40     -67.9692789          -4.917816060000007   4.503675917142857    # force=True stress=True config=Sb_vac
41     -66.56259737         -5.092556200000004   4.390717226428571    # force=True stress=True config=Sb_vac
42     -68.77163134         -4.944993760000003   4.5590455414285715   # force=True stress=True config=Sb_vac
43     -68.96558981         -5.400882230000001   4.540336255714285    # force=True stress=True config=Sb_vac
44     -65.81141095         -4.536560729999998   4.376775015714285    # force=True stress=True config=Sb_vac
45     -66.13456527         -4.750294699999998   4.384590755          # force=True stress=True config=Sb_vac
46     -65.17797364         -4.019183900000002   4.368484981428572    # force=True stress=True config=Sb_vac
47     -68.06221154         -4.478433570000007   4.541698426428572    # force=True stress=True config=Sb_vac
48     -66.79516806         -4.746655759999996   4.432036592857143    # force=True stress=True config=Sb_vac
49     -67.32738959         -5.082127249999999   4.446090167142857    # force=True stress=True config=Sb_vac
50     -65.28857393         -4.530937949999995   4.339831141428571    # force=True stress=True config=Sb_vac
51     -66.23508626         -4.751884610000005   4.391657260714285    # force=True stress=True config=Sb_vac
52     -65.75140109         -4.597840990000002   4.368111435714286    # force=True stress=True config=Sb_vac
53     -66.05350775         -4.744058899999992   4.379246346428571    # force=True stress=True config=Sb_vac
54     -74.14659869         -4.914662190000001   4.615462433333334    # force=True stress=True config=Sb_vac
55     -66.0929236          -5.102839670000009   4.356434566428571    # force=True stress=True config=Sb_vac
56     -67.6944672          -5.505586500000007   4.442062907142857    # force=True stress=True config=Sb_vac
57     -73.96569251         -4.497351949999995   4.631222704          # force=True stress=True config=Sb_vac
58     -67.01271029         -4.7219074899999995  4.449343057142857    # force=True stress=True config=Sb_vac
59     -67.20837127         -4.89128462          4.451220475          # force=True stress=True config=Sb_vac
60     -64.77355945         -3.6978187799999915  4.362552905          # force=True stress=True config=Sb_vac
61     -325.98225503        -6.405353089999949   5.0726492371428575   # force=True stress=True config=Sb_vac
62     -326.07644209        -5.985168579999993   5.080813865238095    # force=True stress=True config=Sb_vac
63     -322.27021777        -6.153289400000006   5.017729021746032    # force=True stress=True config=Sb_vac
64     -325.58545647        -6.654337080000005   5.062398720476191    # force=True stress=True config=Sb_vac
65     -326.16452635        -6.414371689999996   5.075399280317461    # force=True stress=True config=Sb_vac
66     -325.2251233         -6.530363790000024   5.058646976349206    # force=True stress=True config=Sb_vac
67     -328.44682228        -6.366448950000006   5.112386878253968    # force=True stress=True config=Sb_vac
68     -325.7430536         -6.275929430000019   5.070906732857143    # force=True stress=True config=Sb_vac
69     -323.89609194        -6.367997330000037   5.040128485873016    # force=True stress=True config=Sb_vac
70     -326.81498152        -6.6575652899999795  5.08186374968254     # force=True stress=True config=Sb_vac
71     -324.18122072        -6.262889719999976   5.046322714285715    # force=True stress=True config=Sb_vac
72     -327.63407906        -6.015868399999988   5.105050962857143    # force=True stress=True config=Sb_vac
73     -323.98393796        -6.069876299999976   5.046254946984127    # force=True stress=True config=Sb_vac
74     -324.65385603        -6.149329899999998   5.0556273988888885   # force=True stress=True config=Sb_vac
75     -323.77724229        -6.2291790699999865  5.040445447936508    # force=True stress=True config=Sb_vac
76     -324.81319442        -6.0602406900000005  5.059570694126984    # force=True stress=True config=Sb_vac
77     -323.94606352        -6.125390719999984   5.044772584126984    # force=True stress=True config=Sb_vac
78     -327.57491902        -6.40354087999998    5.097958383174603    # force=True stress=True config=Sb_vac
79     -324.60429419        -6.244050200000004   5.053337206190476    # force=True stress=True config=Sb_vac
80     -326.08397465        -6.5086213600000065  5.072624655396826    # force=True stress=True config=Sb_vac
81     -327.64005866        -6.411877390000029   5.09886002015873     # force=True stress=True config=Sb_vac
82     -327.18705053        -6.418616770000028   5.09156244063492     # force=True stress=True config=Sb_vac
83     -326.72751742        -6.330404440000052   5.08566846           # force=True stress=True config=Sb_vac
84     -321.5097764         -5.443320060000019   5.016927878412698    # force=True stress=True config=Sb_vac
85     -326.33501416        -6.433353950000026   5.07780413031746     # force=True stress=True config=Sb_vac
86     -323.63314572        -6.26883706000001    5.037528708888889    # force=True stress=True config=Sb_vac
87     -326.22314832        -6.126808089999997   5.080894289365079    # force=True stress=True config=Sb_vac
88     -323.40194077        -6.358063160000029   5.032442501746031    # force=True stress=True config=Sb_vac
89     -324.49745633        -6.330632869999988   5.050267039047619    # force=True stress=True config=Sb_vac
90     -327.54913665        -6.230912119999971   5.100289278253968    # force=True stress=True config=Sb_vac
91     -326.95091098        -6.443052350000016   5.087426327460317    # force=True stress=True config=Sb_vac
92     -322.85796557        -6.318734689999985   5.024432236190476    # force=True stress=True config=Sb_vac
93     -325.37530496        -6.2643372900000145  5.065253455079365    # force=True stress=True config=Sb_vac
94     -326.8280072         -6.254263709999975   5.088472118888889    # force=True stress=True config=Sb_vac
95     -326.0365452         -6.475217820000012   5.072402021904761    # force=True stress=True config=Sb_vac
96     -326.03591179        -6.34714563          5.07442485968254     # force=True stress=True config=Sb_vac
97     -326.19921081        -6.346431450000011   5.077028243809524    # force=True stress=True config=Sb_vac
98     -325.05802296        -6.39502071000004    5.058142892857142    # force=True stress=True config=Sb_vac
99     -325.66888669        -6.583758850000038   5.064843299047618    # force=True stress=True config=Sb_vac
100    -325.60681407        -6.225151539999956   5.069550198888889    # force=True stress=True config=Sb_vac
101    -324.18452952        -6.244128120000028   5.046673038095238    # force=True stress=True config=Sb_vac
102    -326.55966602        -6.55105125          5.079501821746032    # force=True stress=True config=Sb_vac
103    -326.17994279        -6.453999159999967   5.075014978253969    # force=True stress=True config=Sb_vac
104    -326.91212857        -6.547083979999968   5.085159437936508    # force=True stress=True config=Sb_vac
105    -324.85431205        -6.294461809999973   5.056505559365079    # force=True stress=True config=Sb_vac
106    -323.53164218        -6.42642754000002    5.033416105396825    # force=True stress=True config=Sb_vac
107    -325.48978551        -6.474878609999962   5.063728680952382    # force=True stress=True config=Sb_vac
108    -322.73328322        -6.5563181399999735  5.018681985396825    # force=True stress=True config=Sb_vac
109    -324.80344316        -6.182250409999995   5.057479249999999    # force=True stress=True config=Sb_vac
110    -327.50287812        -6.28678425999999    5.098668156507936    # force=True stress=True config=Sb_vac
111    -313.64320599        -4.216986220000024   4.760403381076923    # force=True stress=True config=Sb_disordered
112    -308.44605678        -0.6785718600000337  4.734884383384615    # force=True stress=True config=Sb_disordered
113    -307.37250315        0.06383885999997574  4.7297898770769224   # force=True stress=True config=Sb_disordered
114    -303.12828764        7.032045410000023    4.7716974315384615   # force=True stress=True config=Sb_disordered
115    -309.21640823        -1.371656709999968   4.736073100307693    # force=True stress=True config=Sb_disordered
116    -301.02418397        7.240989669999976    4.742541132923077    # force=True stress=True config=Sb_disordered
117    -305.56983266        2.1021202700000003   4.733414660461538    # force=True stress=True config=Sb_disordered
118    -313.15090521        -2.7535658300000136  4.775343682769231    # force=True stress=True config=Sb_disordered
119    -305.89121482        2.048966289999953    4.737541247846154    # force=True stress=True config=Sb_disordered
120    -301.05056187        7.5911067699999535   4.748333363692307    # force=True stress=True config=Sb_disordered
121    -306.87881383        0.29770670999999993  4.725792623692308    # force=True stress=True config=Sb_disordered
122    -306.3099829         1.2657634700000244   4.7319345595384625   # force=True stress=True config=Sb_disordered
123    -310.30403785        -1.2841178499999728  4.754152615384616    # force=True stress=True config=Sb_disordered
124    -302.75532014        4.953691950000007    4.733984801384615    # force=True stress=True config=Sb_disordered
125    -302.12771891        4.246484150000015    4.713449277846154    # force=True stress=True config=Sb_disordered
126    -310.48491801        -2.81669844999999    4.733357224000001    # force=True stress=True config=Sb_disordered
127    -304.01891694        4.142947200000037    4.740951756          # force=True stress=True config=Sb_disordered
128    -308.66270897        0.4105565200000001   4.754973315230769    # force=True stress=True config=Sb_disordered
129    -308.14032152        0.6399381900000094   4.750465534          # force=True stress=True config=Sb_disordered
130    -308.89177882        -2.068449409999971   4.720358914000001    # force=True stress=True config=Sb_disordered
131    -308.02691493        1.4420891699999743   4.761061601538461    # force=True stress=True config=Sb_disordered
132    -301.16030342        7.2555631299999845   4.744859485384615    # force=True stress=True config=Sb_disordered
133    -309.23870427        0.6517570400000068   4.767545558615385    # force=True stress=True config=Sb_disordered
134    -300.74895834        6.575400699999989    4.728067062153846    # force=True stress=True config=Sb_disordered
135    -304.57640496        4.188199859999997    4.750224689538461    # force=True stress=True config=Sb_disordered
136    -306.60042377        2.6447458300000335   4.7576179938461545   # force=True stress=True config=Sb_disordered
137    -307.5569378         -0.45854573999997683 4.724590647076924    # force=True stress=True config=Sb_disordered
138    -310.46328515        -3.478232050000031   4.72284697076923     # force=True stress=True config=Sb_disordered
139    -303.52716251        4.783576949999997    4.743242145538461    # force=True stress=True config=Sb_disordered
140    -310.0754304         -0.839800069999967   4.757471235846155    # force=True stress=True config=Sb_disordered
141    -309.87127233        -0.7333032600000138  4.755968754923077    # force=True stress=True config=Sb_disordered
142    -304.63611925        4.60167512999999     4.757504528923077    # force=True stress=True config=Sb_disordered
143    -308.54141078        1.4880568799999878   4.769684117846153    # force=True stress=True config=Sb_disordered
144    -302.61177448        4.867307480000022    4.730447414769231    # force=True stress=True config=Sb_disordered
145    -303.30081579        4.961052249999966    4.742490277538461    # force=True stress=True config=Sb_disordered
146    -305.05967797        3.7274314100000083   4.7505709135384615   # force=True stress=True config=Sb_disordered
147    -311.17547923        -1.4255430700000034  4.765383633230769    # force=True stress=True config=Sb_disordered
148    -306.25469174        2.1426230700000133   4.744574074          # force=True stress=True config=Sb_disordered
149    -309.61222545        -0.7062553899999671  4.752399539384616    # force=True stress=True config=Sb_disordered
150    -299.93904298        6.334074699999974    4.711894118153846    # force=True stress=True config=Sb_disordered
151    -310.16056495        -1.564570720000006   4.747630680461538    # force=True stress=True config=Sb_disordered
152    -305.7473171         1.3473590400000148   4.724533479076923    # force=True stress=True config=Sb_disordered
153    -307.98331986        -0.8926848399999585  4.724471308000001    # force=True stress=True config=Sb_disordered
154    -306.46776745        1.5365119699999923   4.738527375692308    # force=True stress=True config=Sb_disordered
155    -302.60213034        4.919558870000003    4.731102910923076    # force=True stress=True config=Sb_disordered
156    -302.96454341        5.44275865000003     4.7447277240000005   # force=True stress=True config=Sb_disordered
157    -307.83858922        1.0739851799999656   4.752501144615384    # force=True stress=True config=Sb_disordered
158    -300.56828735        5.996426229999997    4.716380208923077    # force=True stress=True config=Sb_disordered
159    -306.71522696        1.0323783000000049   4.734578542461539    # force=True stress=True config=Sb_disordered
160    -299.25304652        8.72961441000001     4.738194783538462    # force=True stress=True config=Sb_disordered
161    -295.54359786        8.33613858000001     4.6750728683076925   # force=True stress=True config=Sb_disordered
162    -302.82695571        1.2102747399999885   4.677495853076922    # force=True stress=True config=Sb_disordered
163    -307.6400752         -1.7366614800000093  4.7062063649230765   # force=True stress=True config=Sb_disordered
164    -301.14907727        5.266971879999971    4.714093063846153    # force=True stress=True config=Sb_disordered
165    -305.98458362        0.2731775900000457   4.711657864769232    # force=True stress=True config=Sb_disordered
166    -307.36639578        -4.1119575700000155  4.665452895538461    # force=True stress=True config=Sb_disordered
167    -304.63343499        1.3505658400000016   4.707446166615385    # force=True stress=True config=Sb_disordered
168    -301.08455818        3.8049156299999822   4.690607289384615    # force=True stress=True config=Sb_disordered
169    -306.23514816        -2.660709020000013   4.670375986769231    # force=True stress=True config=Sb_disordered
170    -305.38011805        2.129920889999994    4.730923676000001    # force=True stress=True config=Sb_disordered
171    -301.03180526        3.260925880000002    4.681426632923077    # force=True stress=True config=Sb_disordered
172    -296.18617269        9.360456530000022    4.700717372615385    # force=True stress=True config=Sb_disordered
173    -304.96644715        1.4147524900000121   4.713556917538462    # force=True stress=True config=Sb_disordered
174    -304.96128103        -0.33355497999997397 4.686580400769231    # force=True stress=True config=Sb_disordered
175    -299.2472296         6.517718049999985    4.704076117692308    # force=True stress=True config=Sb_disordered
176    -299.4025111         3.4500445699999887   4.6592700872307695   # force=True stress=True config=Sb_disordered
177    -300.12566376        3.1407294600000455   4.665636818769231    # force=True stress=True config=Sb_disordered
178    -301.59063221        2.1384842499999763   4.672755637846154    # force=True stress=True config=Sb_disordered
179    -307.56223057        -1.8135619399999996  4.703825671230769    # force=True stress=True config=Sb_disordered
180    -304.38793439        1.3670080299999654   4.703922191076923    # force=True stress=True config=Sb_disordered
181    -302.16177895        -1.569208470000035   4.624501084307692    # force=True stress=True config=Sb_disordered
182    -300.03938867        4.529552700000011    4.685676021076923    # force=True stress=True config=Sb_disordered
183    -302.64117073        -0.21244739000002255 4.652749589846153    # force=True stress=True config=Sb_disordered
184    -303.43171743        1.3390051700000072   4.688780347692307    # force=True stress=True config=Sb_disordered
185    -302.62719387        0.6151230399999577   4.6652664139999995   # force=True stress=True config=Sb_disordered
186    -308.67721776        -3.9774346300000047  4.687688971230769    # force=True stress=True config=Sb_disordered
187    -298.01925627        6.44749139999999     4.684103810307692    # force=True stress=True config=Sb_disordered
188    -305.17961585        -1.7205264799999895  4.668601374923077    # force=True stress=True config=Sb_disordered
189    -303.77766643        -0.48919181000002254 4.665976532615384    # force=True stress=True config=Sb_disordered
190    -290.3656561         11.272845399999994   4.640592330769231    # force=True stress=True config=Sb_disordered
191    -296.86040486        7.412200509999991    4.6811170056923075   # force=True stress=True config=Sb_disordered
192    -304.25465251        0.6496614299999806   4.690835599076923    # force=True stress=True config=Sb_disordered
193    -298.44143907        3.2937296800000126   4.642079519230769    # force=True stress=True config=Sb_disordered
194    -297.33284736        8.522000520000006    4.7054591981538465   # force=True stress=True config=Sb_disordered
195    -302.65657391        1.6112279099999682   4.681043104923077    # force=True stress=True config=Sb_disordered
196    -302.07244582        1.4006332900000302   4.668816601692308    # force=True stress=True config=Sb_disordered
197    -291.23436702        12.216733620000014   4.668478471384615    # force=True stress=True config=Sb_disordered
198    -303.41469423        3.388761969999962    4.720053172307692    # force=True stress=True config=Sb_disordered
199    -299.7934073         3.862709260000031    4.671632562461539    # force=True stress=True config=Sb_disordered
200    -301.29720989        3.284377740000025    4.685870578923077    # force=True stress=True config=Sb_disordered
201    -298.55174725        3.750742559999992    4.650807535538462    # force=True stress=True config=Sb_disordered
202    -299.00686477        6.067394770000021    4.693450146769231    # force=True stress=True config=Sb_disordered
203    -305.45176549        2.5496583999999984   4.738483444461538    # force=True stress=True config=Sb_disordered
204    -305.13479405        0.38196147000002156  4.700257777230769    # force=True stress=True config=Sb_disordered
205    -295.97561844        4.7762641200000076   4.626952039384616    # force=True stress=True config=Sb_disordered
206    -302.26245584        2.4863028200000485   4.688442440923077    # force=True stress=True config=Sb_disordered
207    -306.04756701        -0.21915933000002497 4.705052425846154    # force=True stress=True config=Sb_disordered
208    -303.56261138        2.1330886100000157   4.703010769076924    # force=True stress=True config=Sb_disordered
209    -302.8867395         0.8889648899999543   4.6734723752307685   # force=True stress=True config=Sb_disordered
210    -299.99851828        6.311282449999965    4.71245847276923     # force=True stress=True config=Sb_disordered
211    -82.00738242         -4.596429659999998   4.8381845475         # force=True stress=True config=Sb_subs
212    -79.63729318         -3.637127669999998   4.750010344375       # force=True stress=True config=Sb_subs
213    -80.16342903         -3.6688682000000057  4.780910051875       # force=True stress=True config=Sb_subs
214    -80.69222897         -4.019046670000009   4.79207389375        # force=True stress=True config=Sb_subs
215    -80.79930783         -3.8411201800000043  4.809886728125       # force=True stress=True config=Sb_subs
216    -81.20486033         -4.134388600000008   4.816904483125       # force=True stress=True config=Sb_subs
217    -80.38573468         -4.093504420000002   4.76826439125        # force=True stress=True config=Sb_subs
218    -78.70434435         -2.606631710000002   4.75610704           # force=True stress=True config=Sb_subs
219    -81.57561224         -4.744167989999994   4.801965265625       # force=True stress=True config=Sb_subs
220    -79.699928           -2.9779996700000027  4.795120520625       # force=True stress=True config=Sb_subs
221    -80.03931626         -3.3972594900000104  4.790128548125       # force=True stress=True config=Sb_subs
222    -80.72081549         -3.8182757800000076  4.806408731875       # force=True stress=True config=Sb_subs
223    -79.8841979          -3.1381425100000087  4.796628461875       # force=True stress=True config=Sb_subs
224    -80.40275942         -3.180062559999996   4.82641855375        # force=True stress=True config=Sb_subs
225    -80.48787351         -3.4654952599999973  4.813898640625       # force=True stress=True config=Sb_subs
226    -81.08074833         -4.242476580000002   4.802391984375       # force=True stress=True config=Sb_subs
227    -80.08013448         -3.675656079999996   4.7752799            # force=True stress=True config=Sb_subs
228    -79.74245072         -3.221230899999995   4.78257623875        # force=True stress=True config=Sb_subs
229    -81.3387948          -3.8930260300000015  4.840360548125       # force=True stress=True config=Sb_subs
230    -81.22546218         -4.111750409999999   4.819606985625       # force=True stress=True config=Sb_subs
231    -81.31288431         -4.469100150000003   4.80273651           # force=True stress=True config=Sb_subs
232    -80.54355163         -4.210357950000002   4.770824605          # force=True stress=True config=Sb_subs
233    -79.31180281         -3.2029116000000073  4.756805700625       # force=True stress=True config=Sb_subs
234    -81.31991507         -4.970892039999995   4.771813939375       # force=True stress=True config=Sb_subs
235    -80.02303343         -2.8992730199999954  4.820235025625       # force=True stress=True config=Sb_subs
236    -80.10206938         -3.0450694999999968  4.8160624925         # force=True stress=True config=Sb_subs
237    -78.24227635         -2.5253901499999927  4.7323053875         # force=True stress=True config=Sb_subs
238    -81.29871154         -4.65259743          4.790382131875       # force=True stress=True config=Sb_subs
239    -79.36146642         -2.669877569999997   4.793224303125       # force=True stress=True config=Sb_subs
240    -80.66792138         -4.449223349999997   4.763668626875       # force=True stress=True config=Sb_subs
241    -63.13495454         1.464800480000001    4.03748468875        # force=True stress=True config=Sb_subs
242    -63.77065021         1.4793906900000025   4.07812755625        # force=True stress=True config=Sb_subs
243    -65.44378265         0.9416976699999964   4.14909252           # force=True stress=True config=Sb_subs
244    -65.78735344         1.4525344500000017   4.202492993125       # force=True stress=True config=Sb_subs
245    -66.66283209         2.179093970000011    4.30262037875        # force=True stress=True config=Sb_subs
246    -68.35342421         -0.18083097000000237 4.2607870775         # force=True stress=True config=Sb_subs
247    -69.28255303         0.5968717300000037   4.3674640475         # force=True stress=True config=Sb_subs
248    -69.43678877         1.140134329999995    4.41105769375        # force=True stress=True config=Sb_subs
249    -71.17398098         -0.510800009999997   4.416448810625       # force=True stress=True config=Sb_subs
250    -73.62738518         -1.6619172700000036  4.497841744375       # force=True stress=True config=Sb_subs
251    -73.59537271         -1.3701761599999998  4.514074784375       # force=True stress=True config=Sb_subs
252    -74.50977469         -0.9934238700000009  4.59477192625        # force=True stress=True config=Sb_subs
253    -74.55169248         -1.6040583000000055  4.55922713625        # force=True stress=True config=Sb_subs
254    -75.76899331         -3.2897199500000056  4.529954585          # force=True stress=True config=Sb_subs
255    -76.35911164         -2.269474079999995   4.6306023475         # force=True stress=True config=Sb_subs
256    -77.33700071         -3.1268809399999924  4.638132485625       # force=True stress=True config=Sb_subs
257    -78.136803           -2.4916455999999982  4.7278223375         # force=True stress=True config=Sb_subs
258    -78.80324266         -3.155457169999991   4.727986593125       # force=True stress=True config=Sb_subs
259    -79.14629799         -3.5838440399999882  4.722653371875       # force=True stress=True config=Sb_subs
260    -79.5884794          -2.922112240000004   4.7916479475         # force=True stress=True config=Sb_subs
261    -80.76389596         -4.369352660000004   4.77465895625        # force=True stress=True config=Sb_subs
262    -81.13070082         -4.147477730000006   4.811451443125       # force=True stress=True config=Sb_subs
263    -80.26026403         -4.287675980000003   4.748286753125       # force=True stress=True config=Sb_subs
264    -80.35301656         -3.8400953000000015  4.78205757875        # force=True stress=True config=Sb_subs
265    -80.5017754          -3.968690980000005   4.78331777625        # force=True stress=True config=Sb_subs
266    -81.36176234         -4.621291540000001   4.796279425          # force=True stress=True config=Sb_subs
267    -81.98317375         -4.851764010000011   4.82071310875        # force=True stress=True config=Sb_subs
268    -81.17344076         -4.587459960000004   4.7866238            # force=True stress=True config=Sb_subs
269    -81.80883351         -4.907863090000006   4.80631065125        # force=True stress=True config=Sb_subs
270    -82.26036541         -5.337987250000012   4.807648635          # force=True stress=True config=Sb_subs
271    -82.08146523         -4.983899710000003   4.818597845          # force=True stress=True config=Sb_subs
272    -82.05678076         -5.230054009999989   4.801670421875       # force=True stress=True config=Sb_subs
273    -81.49401769         -4.955360800000008   4.783666055625       # force=True stress=True config=Sb_subs
274    -82.36013736         -5.62895395999999    4.7956989625         # force=True stress=True config=Sb_subs
275    -81.51619061         -5.381820300000001   4.758398144375       # force=True stress=True config=Sb_subs
276    -82.1767356          -5.914107880000003   4.7664142325         # force=True stress=True config=Sb_subs
277    -81.59424348         -5.763851900000006   4.73939947375        # force=True stress=True config=Sb_subs
278    -81.4103916          -5.792271960000008   4.726132477499999    # force=True stress=True config=Sb_subs
279    -81.42205751         -5.914108249999998   4.71924682875        # force=True stress=True config=Sb_subs
280    -81.41216883         -5.913192929999994   4.71868599375        # force=True stress=True config=Sb_subs
281    -81.32730519         -5.932689359999998   4.712163489375       # force=True stress=True config=Sb_subs
282    -81.1231746          -6.114520049999996   4.688040909375       # force=True stress=True config=Sb_subs
283    -81.64403686         -6.593549519999996   4.69065545875        # force=True stress=True config=Sb_subs
284    -80.80979668         -6.350761790000007   4.653689680625       # force=True stress=True config=Sb_subs
285    -80.36372042         -6.343913220000005   4.62623795           # force=True stress=True config=Sb_subs
286    -80.18862374         -6.4294558499999965  4.609947993125       # force=True stress=True config=Sb_subs
287    -80.33411672         -6.446697939999993   4.61796367375        # force=True stress=True config=Sb_subs
288    -79.98790109         -6.502439359999997   4.592841358125       # force=True stress=True config=Sb_subs
289    -79.7954365          -6.556178929999987   4.577453598125       # force=True stress=True config=Sb_subs
290    -79.53753109         -6.6486533000000065  4.555554861875       # force=True stress=True config=Sb_subs
291    -80.54724464         5.717694409999993    5.074408179411765    # force=True stress=True config=Sb_int
292    -76.61554824         8.966278299999999    5.034225090588235    # force=True stress=True config=Sb_int
293    -81.28410198         4.559796210000002    5.04964107           # force=True stress=True config=Sb_int
294    -79.82828246         5.934137310000011    5.044848221764706    # force=True stress=True config=Sb_int
295    -80.57616518         4.821025899999995    5.02336418117647     # force=True stress=True config=Sb_int
