0      -0.0563881           -0.0                 0.0                  # force=True stress=True config=isolated_atom
1      -72.63459494         -4.444176349999992   4.546027906000001    # force=True stress=True config=Bi_vac
2      -71.87192461         -4.675631100000004   4.479752900666666    # force=True stress=True config=Bi_vac
3      -72.20946298         -4.8532310800000005  4.4904154599999995   # force=True stress=True config=Bi_vac
4      -73.46974106         -4.393489719999991   4.6050834226666675   # force=True stress=True config=Bi_vac
5      -72.73728332         -4.946671860000009   4.5193740973333325   # force=True stress=True config=Bi_vac
6      -72.37669693         -4.784501570000003   4.506146357333333    # force=True stress=True config=Bi_vac
7      -71.02900211         -4.279984449999986   4.449934510666667    # force=True stress=True config=Bi_vac
8      -72.1748941          -4.107092000000009   4.537853473333333    # force=True stress=True config=Bi_vac
9      -71.60861217         -4.330155909999988   4.485230417333335    # force=True stress=True config=Bi_vac
10     -73.49252413         -4.510931889999995   4.598772816000001    # force=True stress=True config=Bi_vac
11     -79.01855817         -3.8844358700000043  4.69588264375        # force=True stress=True config=Bi_vac
12     -73.45297467         -4.853251939999993   4.5733148486666675   # force=True stress=True config=Bi_vac
13     -74.07301003         -5.02927677000001    4.602915550666666    # force=True stress=True config=Bi_vac
14     -72.16929739         -4.648812929999991   4.501365630666667    # force=True stress=True config=Bi_vac
15     -71.95180482         -4.955890320000009   4.4663943            # force=True stress=True config=Bi_vac
16     -79.41820928         -4.225133639999996   4.6995672275         # force=True stress=True config=Bi_vac
17     -73.76474914         -4.721743129999993   4.602867067333334    # force=True stress=True config=Bi_vac
18     -72.82242212         -5.14562604999999    4.511786404666667    # force=True stress=True config=Bi_vac
19     -74.26667102         -5.306571610000006   4.597339960666667    # force=True stress=True config=Bi_vac
20     -70.02603721         -3.195182849999995   4.455390290666667    # force=True stress=True config=Bi_vac
21     -72.03697334         -4.566925460000007   4.498003192          # force=True stress=True config=Bi_vac
22     -72.39469144         -5.133023980000004   4.484111164          # force=True stress=True config=Bi_vac
23     -71.27520647         -4.405729530000002   4.457965129333333    # force=True stress=True config=Bi_vac
24     -71.27244928         -3.806740640000001   4.497713909333333    # force=True stress=True config=Bi_vac
25     -70.81097402         -4.208762149999998   4.440147458          # force=True stress=True config=Bi_vac
26     -72.09870368         -3.99621578          4.54016586           # force=True stress=True config=Bi_vac
27     -71.24995031         -4.132437240000002   4.474500871333333    # force=True stress=True config=Bi_vac
28     -71.52376793         -4.971585329999996   4.436812173333334    # force=True stress=True config=Bi_vac
29     -71.19484999         -4.402572799999987   4.452818479333334    # force=True stress=True config=Bi_vac
30     -71.30444979         -4.338196190000005   4.464416906666667    # force=True stress=True config=Bi_vac
31     -63.43089082         -4.698225520000001   4.195190378571429    # force=True stress=True config=Bi_vac
32     -72.80341182         -5.196491989999998   4.507127988666666    # force=True stress=True config=Bi_vac
33     -66.80947091         -4.671514950000002   4.438425425714286    # force=True stress=True config=Bi_vac
34     -72.76219176         -4.174821300000005   4.572491363999999    # force=True stress=True config=Bi_vac
35     -64.0492939          -5.01552985          4.2166974321428565   # force=True stress=True config=Bi_vac
36     -64.579905           -4.406650599999999   4.2980896            # force=True stress=True config=Bi_vac
37     -63.3559185          -4.167744829999997   4.227726690714286    # force=True stress=True config=Bi_vac
38     -64.685114           -5.390328289999999   4.235341836428572    # force=True stress=True config=Bi_vac
39     -67.26498876         -4.502939450000007   4.483003522142856    # force=True stress=True config=Bi_vac
40     -66.58632841         -4.917816060000007   4.404893739285713    # force=True stress=True config=Bi_vac
41     -64.79308443         -5.092556200000004   4.264323445          # force=True stress=True config=Bi_vac
42     -67.42525317         -4.944993760000003   4.462875672142857    # force=True stress=True config=Bi_vac
43     -67.80741406         -5.400882230000001   4.457609416428571    # force=True stress=True config=Bi_vac
44     -63.91860103         -4.536560729999998   4.241574307142857    # force=True stress=True config=Bi_vac
45     -64.22775685         -4.750294699999998   4.248390153571429    # force=True stress=True config=Bi_vac
46     -63.13874356         -4.019183900000002   4.22282569           # force=True stress=True config=Bi_vac
47     -66.50599564         -4.478433570000007   4.430540147857142    # force=True stress=True config=Bi_vac
48     -65.37069387         -4.746655759999996   4.330288436428572    # force=True stress=True config=Bi_vac
49     -66.09396195         -5.082127249999999   4.3579881928571425   # force=True stress=True config=Bi_vac
50     -63.32668044         -4.530937949999995   4.1996958921428575   # force=True stress=True config=Bi_vac
51     -64.3190623          -4.751884610000005   4.254798406428571    # force=True stress=True config=Bi_vac
52     -63.84649107         -4.597840990000002   4.2320464342857145   # force=True stress=True config=Bi_vac
53     -64.13285001         -4.744058899999992   4.242056507857144    # force=True stress=True config=Bi_vac
54     -72.34485075         -4.914662190000001   4.495345904000001    # force=True stress=True config=Bi_vac
55     -64.31511095         -5.102839670000009   4.229447948571428    # force=True stress=True config=Bi_vac
56     -66.56269585         -5.505586500000007   4.361222096428571    # force=True stress=True config=Bi_vac
57     -72.08861732         -4.497351949999995   4.506084358          # force=True stress=True config=Bi_vac
58     -65.62797319         -4.7219074899999995  4.350433264285715    # force=True stress=True config=Bi_vac
59     -65.25044101         -4.89128462          4.311368313571429    # force=True stress=True config=Bi_vac
60     -62.68712965         -3.6978187799999915  4.213522205000001    # force=True stress=True config=Bi_vac
61     -325.57604274        -6.405353089999949   5.066201423015873    # force=True stress=True config=Bi_vac
62     -325.27334447        -5.985168579999993   5.068066283968254    # force=True stress=True config=Bi_vac
63     -321.44424424        -6.153289400000006   5.004618330793651    # force=True stress=True config=Bi_vac
64     -325.23987088        -6.654337080000005   5.056913234920635    # force=True stress=True config=Bi_vac
65     -325.68341945        -6.414371689999996   5.067762662857143    # force=True stress=True config=Bi_vac
66     -324.69524103        -6.530363790000024   5.050236146666666    # force=True stress=True config=Bi_vac
67     -327.90314948        -6.366448950000006   5.103757151269842    # force=True stress=True config=Bi_vac
68     -324.97669627        -6.275929430000019   5.058742330793651    # force=True stress=True config=Bi_vac
69     -323.44336412        -6.367997330000037   5.03294233           # force=True stress=True config=Bi_vac
70     -326.31224932        -6.6575652899999795  5.073883873492063    # force=True stress=True config=Bi_vac
71     -323.54937848        -6.262889719999976   5.036293472380953    # force=True stress=True config=Bi_vac
72     -326.8717364         -6.015868399999988   5.092950285714285    # force=True stress=True config=Bi_vac
73     -323.38283204        -6.069876299999976   5.0367135831746035   # force=True stress=True config=Bi_vac
74     -323.73721295        -6.149329899999998   5.041077508730159    # force=True stress=True config=Bi_vac
75     -323.30881787        -6.2291790699999865  5.033010139682539    # force=True stress=True config=Bi_vac
76     -324.22616602        -6.0602406900000005  5.050252783015873    # force=True stress=True config=Bi_vac
77     -323.63994124        -6.125390719999984   5.039913500317461    # force=True stress=True config=Bi_vac
78     -326.80649927        -6.40354087999998    5.085761244285715    # force=True stress=True config=Bi_vac
79     -324.1320586         -6.244050200000004   5.045841403174603    # force=True stress=True config=Bi_vac
80     -325.56563865        -6.5086213600000065  5.064397099841269    # force=True stress=True config=Bi_vac
81     -327.20426861        -6.411877390000029   5.091942717777777    # force=True stress=True config=Bi_vac
82     -326.61021201        -6.418616770000028   5.082406273650793    # force=True stress=True config=Bi_vac
83     -326.05206187        -6.330404440000052   5.074946943333332    # force=True stress=True config=Bi_vac
84     -320.50276671        -5.443320060000019   5.000943597619047    # force=True stress=True config=Bi_vac
85     -325.91509656        -6.433353950000026   5.071138771587301    # force=True stress=True config=Bi_vac
86     -322.95357801        -6.26883706000001    5.026741919841269    # force=True stress=True config=Bi_vac
87     -325.78596876        -6.126808089999997   5.073954931269841    # force=True stress=True config=Bi_vac
88     -322.78357458        -6.358063160000029   5.022627165396825    # force=True stress=True config=Bi_vac
89     -324.06455911        -6.330632869999988   5.043395654603175    # force=True stress=True config=Bi_vac
90     -326.77844305        -6.230912119999971   5.088056046507937    # force=True stress=True config=Bi_vac
91     -326.52877485        -6.443052350000016   5.080725753968253    # force=True stress=True config=Bi_vac
92     -322.46752883        -6.318734689999985   5.018234827619048    # force=True stress=True config=Bi_vac
93     -324.97040038        -6.2643372900000145  5.058826398253968    # force=True stress=True config=Bi_vac
94     -326.36001052        -6.254263709999975   5.081043600158731    # force=True stress=True config=Bi_vac
95     -325.26266873        -6.475217820000012   5.0601182684126975   # force=True stress=True config=Bi_vac
96     -325.6692155         -6.34714563          5.068604283650794    # force=True stress=True config=Bi_vac
97     -325.52383123        -6.346431450000011   5.066307933015873    # force=True stress=True config=Bi_vac
98     -324.43984492        -6.39502071000004    5.048330543015872    # force=True stress=True config=Bi_vac
99     -325.08915754        -6.583758850000038   5.055641249047618    # force=True stress=True config=Bi_vac
100    -325.18265509        -6.225151539999956   5.062817516666668    # force=True stress=True config=Bi_vac
101    -323.59078487        -6.244128120000028   5.0372485198412695   # force=True stress=True config=Bi_vac
102    -326.15012698        -6.55105125          5.073001202063492    # force=True stress=True config=Bi_vac
103    -325.70370028        -6.453999159999967   5.067455573333334    # force=True stress=True config=Bi_vac
104    -326.44042399        -6.547083979999968   5.077672063650794    # force=True stress=True config=Bi_vac
105    -324.00584699        -6.294461809999973   5.043037860000001    # force=True stress=True config=Bi_vac
106    -323.08261873        -6.42642754000002    5.026288749047619    # force=True stress=True config=Bi_vac
107    -325.01566212        -6.474878609999962   5.0562029128571435   # force=True stress=True config=Bi_vac
108    -322.28328722        -6.5563181399999735  5.0115391917460315   # force=True stress=True config=Bi_vac
109    -324.17915158        -6.182250409999995   5.0475698598412695   # force=True stress=True config=Bi_vac
110    -326.87382905        -6.28678425999999    5.08868325063492     # force=True stress=True config=Bi_vac
111    -313.04281517        -4.216986220000024   4.751166599230769    # force=True stress=True config=Bi_disordered
112    -306.51366461        -0.6785718600000337  4.705155273076922    # force=True stress=True config=Bi_disordered
113    -304.94475081        0.06383885999997574  4.692439841076923    # force=True stress=True config=Bi_disordered
114    -299.04372563        7.032045410000023    4.708858016          # force=True stress=True config=Bi_disordered
115    -307.80577718        -1.371656709999968   4.714371084153846    # force=True stress=True config=Bi_disordered
116    -296.67132346        7.240989669999976    4.6755740481538455   # force=True stress=True config=Bi_disordered
117    -302.61521836        2.1021202700000003   4.687959055846154    # force=True stress=True config=Bi_disordered
118    -311.70762998        -2.7535658300000136  4.753139448461538    # force=True stress=True config=Bi_disordered
119    -303.10667137        2.048966289999953    4.694702117846154    # force=True stress=True config=Bi_disordered
120    -296.7927846         7.5911067699999535   4.682829097999999    # force=True stress=True config=Bi_disordered
121    -304.61763039        0.29770670999999993  4.691005186153846    # force=True stress=True config=Bi_disordered
122    -303.69385092        1.2657634700000244   4.69168637523077     # force=True stress=True config=Bi_disordered
123    -308.15377506        -1.2841178499999728  4.721071649384616    # force=True stress=True config=Bi_disordered
124    -299.09602373        4.953691950000007    4.677687933538462    # force=True stress=True config=Bi_disordered
125    -298.86014674        4.246484150000015    4.663178936769231    # force=True stress=True config=Bi_disordered
126    -309.51761113        -2.81669844999999    4.718475579692307    # force=True stress=True config=Bi_disordered
127    -300.70158789        4.142947200000037    4.6899159244615385   # force=True stress=True config=Bi_disordered
128    -306.12328444        0.4105565200000001   4.715905245538462    # force=True stress=True config=Bi_disordered
129    -305.73142904        0.6399381900000094   4.713405649692308    # force=True stress=True config=Bi_disordered
130    -307.08603792        -2.068449409999971   4.6925782847692314   # force=True stress=True config=Bi_disordered
131    -305.49364077        1.4420891699999743   4.722088152923077    # force=True stress=True config=Bi_disordered
132    -296.88584703        7.2555631299999845   4.6790986178461536   # force=True stress=True config=Bi_disordered
133    -306.75371693        0.6517570400000068   4.729314984153846    # force=True stress=True config=Bi_disordered
134    -296.74978416        6.575400699999989    4.666541305538461    # force=True stress=True config=Bi_disordered
135    -301.33765707        4.188199859999997    4.700397798923077    # force=True stress=True config=Bi_disordered
136    -303.52698969        2.6447458300000335   4.710334392615385    # force=True stress=True config=Bi_disordered
137    -305.34838635        -0.45854573999997683 4.690612932461539    # force=True stress=True config=Bi_disordered
138    -309.49537547        -3.478232050000031   4.707956052615384    # force=True stress=True config=Bi_disordered
139    -299.98968928        4.783576949999997    4.688819480461539    # force=True stress=True config=Bi_disordered
140    -308.29749752        -0.839800069999967   4.730118422307693    # force=True stress=True config=Bi_disordered
141    -308.06332862        -0.7333032600000138  4.728154236307692    # force=True stress=True config=Bi_disordered
142    -300.94941054        4.60167512999999     4.700785933384615    # force=True stress=True config=Bi_disordered
143    -306.16961566        1.4880568799999878   4.733194962153846    # force=True stress=True config=Bi_disordered
144    -298.80245212        4.867307480000022    4.671842455384616    # force=True stress=True config=Bi_disordered
145    -299.5931568         4.961052249999966    4.685449369999999    # force=True stress=True config=Bi_disordered
146    -301.75681354        3.7274314100000083   4.699757614615384    # force=True stress=True config=Bi_disordered
147    -309.43379256        -1.4255430700000034  4.738588453692307    # force=True stress=True config=Bi_disordered
148    -303.65177555        2.1426230700000133   4.704529209538462    # force=True stress=True config=Bi_disordered
149    -307.99703534        -0.7062553899999671  4.727550460769232    # force=True stress=True config=Bi_disordered
150    -295.37999777        6.334074699999974    4.641754961076923    # force=True stress=True config=Bi_disordered
151    -308.59937621        -1.564570720000006   4.723612392153846    # force=True stress=True config=Bi_disordered
152    -303.19965443        1.3473590400000148   4.685338668769231    # force=True stress=True config=Bi_disordered
153    -305.81708261        -0.8926848399999585  4.691144581076924    # force=True stress=True config=Bi_disordered
154    -304.09511828        1.5365119699999923   4.702025080769231    # force=True stress=True config=Bi_disordered
155    -298.48080596        4.919558870000003    4.6676979204615385   # force=True stress=True config=Bi_disordered
156    -299.26945321        5.44275865000003     4.687880182461539    # force=True stress=True config=Bi_disordered
157    -304.87525591        1.0739851799999656   4.706911401384615    # force=True stress=True config=Bi_disordered
158    -296.78215942        5.996426229999997    4.658132086923077    # force=True stress=True config=Bi_disordered
159    -304.57742326        1.0323783000000049   4.701689254769231    # force=True stress=True config=Bi_disordered
160    -294.60804868        8.72961441000001     4.666733278307693    # force=True stress=True config=Bi_disordered
161    -291.07477883        8.33613858000001     4.606321806307693    # force=True stress=True config=Bi_disordered
162    -299.96606088        1.2102747399999885   4.633482086461538    # force=True stress=True config=Bi_disordered
163    -305.78387042        -1.7366614800000093  4.6776493683076925   # force=True stress=True config=Bi_disordered
164    -297.15183452        5.266971879999971    4.652597021538462    # force=True stress=True config=Bi_disordered
165    -303.54315368        0.2731775900000457   4.674097404153847    # force=True stress=True config=Bi_disordered
166    -306.53781671        -4.1119575700000155  4.652705525230769    # force=True stress=True config=Bi_disordered
167    -301.65560881        1.3505658400000016   4.661633456153846    # force=True stress=True config=Bi_disordered
168    -297.85369928        3.8049156299999822   4.640901767846153    # force=True stress=True config=Bi_disordered
169    -304.89847229        -2.660709020000013   4.649811742615384    # force=True stress=True config=Bi_disordered
170    -302.12634906        2.129920889999994    4.680865691538461    # force=True stress=True config=Bi_disordered
171    -297.8569816         3.260925880000002    4.632583191999999    # force=True stress=True config=Bi_disordered
172    -291.51899239        9.360456530000022    4.628914598769231    # force=True stress=True config=Bi_disordered
173    -302.38711223        1.4147524900000121   4.673874841846154    # force=True stress=True config=Bi_disordered
174    -302.59698755        -0.33355497999997397 4.650206654923077    # force=True stress=True config=Bi_disordered
175    -295.16596353        6.517718049999985    4.641287408923077    # force=True stress=True config=Bi_disordered
176    -296.11599096        3.4500445699999887   4.608708238923076    # force=True stress=True config=Bi_disordered
177    -296.58029001        3.1407294600000455   4.61109260723077     # force=True stress=True config=Bi_disordered
178    -298.22888571        2.1384842499999763   4.621036460923077    # force=True stress=True config=Bi_disordered
179    -305.98587551        -1.8135619399999996  4.679574054923077    # force=True stress=True config=Bi_disordered
180    -301.38535267        1.3670080299999654   4.657728626153845    # force=True stress=True config=Bi_disordered
181    -300.59383725        -1.569208470000035   4.600378904307691    # force=True stress=True config=Bi_disordered
182    -296.32486301        4.529552700000011    4.628529472461539    # force=True stress=True config=Bi_disordered
183    -300.69338422        -0.21244739000002255 4.622783643538461    # force=True stress=True config=Bi_disordered
184    -300.64146699        1.3390051700000072   4.645853417846155    # force=True stress=True config=Bi_disordered
185    -299.78959419        0.6151230399999577   4.6216110343076915   # force=True stress=True config=Bi_disordered
186    -307.86107762        -3.9774346300000047  4.675132969076923    # force=True stress=True config=Bi_disordered
187    -293.680754          6.44749139999999     4.617357621538461    # force=True stress=True config=Bi_disordered
188    -303.49524175        -1.7205264799999895  4.642687927230769    # force=True stress=True config=Bi_disordered
189    -301.67438161        -0.48919181000002254 4.633618304615385    # force=True stress=True config=Bi_disordered
190    -285.06979809        11.272845399999994   4.5591175921538465   # force=True stress=True config=Bi_disordered
191    -292.36655921        7.412200509999991    4.61198091876923     # force=True stress=True config=Bi_disordered
192    -302.20733586        0.6496614299999806   4.659338419846153    # force=True stress=True config=Bi_disordered
193    -295.10050744        3.2937296800000126   4.590680571076923    # force=True stress=True config=Bi_disordered
194    -293.14663085        8.522000520000006    4.64105586723077     # force=True stress=True config=Bi_disordered
195    -300.05044815        1.6112279099999682   4.6409488624615385   # force=True stress=True config=Bi_disordered
196    -299.44785414        1.4006332900000302   4.628438268153847    # force=True stress=True config=Bi_disordered
197    -286.06925536        12.216733620000014   4.589015215076923    # force=True stress=True config=Bi_disordered
198    -300.29292724        3.388761969999962    4.672025987846153    # force=True stress=True config=Bi_disordered
199    -296.66956139        3.862709260000031    4.623573394615385    # force=True stress=True config=Bi_disordered
200    -297.75988336        3.284377740000025    4.631450170769231    # force=True stress=True config=Bi_disordered
201    -295.08770804        3.750742559999992    4.597514624615385    # force=True stress=True config=Bi_disordered
202    -295.38831795        6.067394770000021    4.637780195692308    # force=True stress=True config=Bi_disordered
203    -302.79207678        2.5496583999999984   4.697565156615385    # force=True stress=True config=Bi_disordered
204    -302.6820986         0.38196147000002156  4.662524001076924    # force=True stress=True config=Bi_disordered
205    -292.09620999        4.7762641200000076   4.567268832461538    # force=True stress=True config=Bi_disordered
206    -299.30649057        2.4863028200000485   4.642966052153847    # force=True stress=True config=Bi_disordered
207    -303.7885524         -0.21915933000002497 4.6702983549230765   # force=True stress=True config=Bi_disordered
208    -300.56970587        2.1330886100000157   4.656966068923078    # force=True stress=True config=Bi_disordered
209    -300.47911592        0.8889648899999543   4.636432012461539    # force=True stress=True config=Bi_disordered
210    -295.98222478        6.311282449999965    4.650669342          # force=True stress=True config=Bi_disordered
211    -80.1206813          -4.596429659999998   4.7202657275         # force=True stress=True config=Bi_subs
212    -77.43239199         -3.637127669999998   4.61220402           # force=True stress=True config=Bi_subs
213    -77.95837172         -3.6688682000000057  4.64309397           # force=True stress=True config=Bi_subs
214    -78.70986575         -4.019046670000009   4.6681761925         # force=True stress=True config=Bi_subs
215    -78.71854112         -3.8411201800000043  4.67983880875        # force=True stress=True config=Bi_subs
216    -79.18724692         -4.134388600000008   4.690803645          # force=True stress=True config=Bi_subs
217    -78.39157001         -4.093504420000002   4.643629099375       # force=True stress=True config=Bi_subs
218    -76.36387013         -2.606631710000002   4.60982740125        # force=True stress=True config=Bi_subs
219    -79.7143485          -4.744167989999994   4.685636281875       # force=True stress=True config=Bi_subs
220    -77.54136159         -2.9779996700000027  4.6602101199999995   # force=True stress=True config=Bi_subs
221    -77.82261966         -3.3972594900000104  4.651585010624999    # force=True stress=True config=Bi_subs
222    -78.72194479         -3.8182757800000076  4.681479313124999    # force=True stress=True config=Bi_subs
223    -77.5323905          -3.1381425100000087  4.649640499375       # force=True stress=True config=Bi_subs
224    -78.14167976         -3.180062559999996   4.685101075          # force=True stress=True config=Bi_subs
225    -78.27648717         -3.4654952599999973  4.675686994375       # force=True stress=True config=Bi_subs
226    -79.03570209         -4.242476580000002   4.674576594375       # force=True stress=True config=Bi_subs
227    -77.94082287         -3.675656079999996   4.641572924375001    # force=True stress=True config=Bi_subs
228    -77.52337305         -3.221230899999995   4.6438838843750005   # force=True stress=True config=Bi_subs
229    -79.29964296         -3.8930260300000015  4.712913558125       # force=True stress=True config=Bi_subs
230    -79.23576237         -4.111750409999999   4.6952507475         # force=True stress=True config=Bi_subs
231    -79.34313658         -4.469100150000003   4.679627276875       # force=True stress=True config=Bi_subs
232    -78.60674875         -4.210357950000002   4.6497744249999995   # force=True stress=True config=Bi_subs
233    -77.10721367         -3.2029116000000073  4.619018879374999    # force=True stress=True config=Bi_subs
234    -79.54227995         -4.970892039999995   4.660711744375       # force=True stress=True config=Bi_subs
235    -77.63275885         -2.8992730199999954  4.670842864375       # force=True stress=True config=Bi_subs
236    -77.77847015         -3.0450694999999968  4.6708375406250005   # force=True stress=True config=Bi_subs
237    -75.89562639         -2.5253901499999927  4.585639765000001    # force=True stress=True config=Bi_subs
238    -79.38527043         -4.65259743          4.6707920625         # force=True stress=True config=Bi_subs
239    -76.98216936         -2.669877569999997   4.644518236875       # force=True stress=True config=Bi_subs
240    -78.82361475         -4.449223349999997   4.6483994625000005   # force=True stress=True config=Bi_subs
241    -59.94744559         1.464800480000001    3.838265379375       # force=True stress=True config=Bi_subs
242    -60.52409845         1.4793906900000025   3.87521807125        # force=True stress=True config=Bi_subs
243    -62.34370609         0.9416976699999964   3.9553377349999996   # force=True stress=True config=Bi_subs
244    -62.52582486         1.4525344500000017   3.998647456875       # force=True stress=True config=Bi_subs
245    -63.33643497         2.179093970000011    4.094720558750001    # force=True stress=True config=Bi_subs
246    -65.4553433          -0.18083097000000237 4.079657020625       # force=True stress=True config=Bi_subs
247    -66.19674814         0.5968717300000037   4.174601241875       # force=True stress=True config=Bi_subs
248    -66.25575826         1.140134329999995    4.212243286874999    # force=True stress=True config=Bi_subs
249    -68.29051745         -0.510800009999997   4.23623234           # force=True stress=True config=Bi_subs
250    -70.98643887         -1.6619172700000036  4.3327826            # force=True stress=True config=Bi_subs
251    -70.9391888          -1.3701761599999998  4.34806329           # force=True stress=True config=Bi_subs
252    -71.73555492         -0.9934238700000009  4.421383190625       # force=True stress=True config=Bi_subs
253    -71.9062686          -1.6040583000000055  4.39388814375        # force=True stress=True config=Bi_subs
254    -73.59638024         -3.2897199500000056  4.394166268125       # force=True stress=True config=Bi_subs
255    -73.91644871         -2.269474079999995   4.477935914375       # force=True stress=True config=Bi_subs
256    -75.19058573         -3.1268809399999924  4.503981549375       # force=True stress=True config=Bi_subs
257    -75.61051957         -2.4916455999999982  4.569929623125       # force=True stress=True config=Bi_subs
258    -76.47689607         -3.155457169999991   4.58258993125        # force=True stress=True config=Bi_subs
259    -76.94189643         -3.5838440399999882  4.584878274375001    # force=True stress=True config=Bi_subs
260    -77.19107836         -2.922112240000004   4.6418103825         # force=True stress=True config=Bi_subs
261    -78.8370397          -4.369352660000004   4.65423044           # force=True stress=True config=Bi_subs
262    -79.12867249         -4.147477730000006   4.6863246725         # force=True stress=True config=Bi_subs
263    -78.3265098          -4.287675980000003   4.62742711375        # force=True stress=True config=Bi_subs
264    -78.31570347         -3.8400953000000015  4.654725510625       # force=True stress=True config=Bi_subs
265    -78.46384408         -3.968690980000005   4.65594706875        # force=True stress=True config=Bi_subs
266    -79.49955255         -4.621291540000001   4.679891313125       # force=True stress=True config=Bi_subs
267    -80.13514327         -4.851764010000011   4.705211203749999    # force=True stress=True config=Bi_subs
268    -79.30544517         -4.587459960000004   4.669874075625       # force=True stress=True config=Bi_subs
269    -80.11505916         -4.907863090000006   4.700449754375       # force=True stress=True config=Bi_subs
270    -80.67349299         -5.337987250000012   4.708469108749999    # force=True stress=True config=Bi_subs
271    -80.32990914         -4.983899710000003   4.709125589375       # force=True stress=True config=Bi_subs
272    -80.37844557         -5.230054009999989   4.6967744725000005   # force=True stress=True config=Bi_subs
273    -79.75800727         -4.955360800000008   4.675165404374999    # force=True stress=True config=Bi_subs
274    -80.88841569         -5.62895395999999    4.703716358125001    # force=True stress=True config=Bi_subs
275    -79.92668611         -5.381820300000001   4.659054113125       # force=True stress=True config=Bi_subs
276    -80.75109279         -5.914107880000003   4.677311556875       # force=True stress=True config=Bi_subs
277    -80.22831317         -5.763851900000006   4.654028829375       # force=True stress=True config=Bi_subs
278    -80.05104176         -5.792271960000008   4.6411731125         # force=True stress=True config=Bi_subs
279    -80.11385197         -5.914108249999998   4.6374839825         # force=True stress=True config=Bi_subs
280    -80.00952509         -5.913192929999994   4.63102076           # force=True stress=True config=Bi_subs
281    -80.02503291         -5.932689359999998   4.630771471875       # force=True stress=True config=Bi_subs
282    -79.90351073         -6.114520049999996   4.6118119175         # force=True stress=True config=Bi_subs
283    -80.59152858         -6.593549519999996   4.62487369125        # force=True stress=True config=Bi_subs
284    -79.59171728         -6.350761790000007   4.577559718124999    # force=True stress=True config=Bi_subs
285    -79.30006482         -6.343913220000005   4.559759475          # force=True stress=True config=Bi_subs
286    -79.12972515         -6.4294558499999965  4.54376683125        # force=True stress=True config=Bi_subs
287    -79.26005656         -6.446697939999993   4.55083491375        # force=True stress=True config=Bi_subs
288    -78.9673335          -6.502439359999997   4.52905588375        # force=True stress=True config=Bi_subs
289    -78.85803963         -6.556178929999987   4.51886629375        # force=True stress=True config=Bi_subs
290    -78.71018199         -6.6486533000000065  4.503845543124999    # force=True stress=True config=Bi_subs
291    -77.34403285         5.717694409999993    4.8859839564705885   # force=True stress=True config=Bi_int
292    -72.91685873         8.966278299999999    4.816655119411765    # force=True stress=True config=Bi_int
293    -78.49477728         4.559796210000002    4.885563146470588    # force=True stress=True config=Bi_int
294    -76.52756852         5.934137310000011    4.850688578235295    # force=True stress=True config=Bi_int
295    -77.55724359         4.821025899999995    4.845780558235294    # force=True stress=True config=Bi_int
296    -74.64611273         7.7656178799999935   4.847748859411764    # force=True stress=True config=Bi_int
297    -71.72149038         10.241587539999998   4.821357524705882    # force=True stress=True config=Bi_int
298    -75.04432848         7.4919700300000045   4.855076382941177    # force=True stress=True config=Bi_int
299    -80.02979088         3.5225278300000014   4.914842277058823    # force=True stress=True config=Bi_int
300    -78.71551835         4.233018109999989    4.879325674117646    # force=True stress=True config=Bi_int
301    -73.48389952         8.77783771           4.8389257194117645   # force=True stress=True config=Bi_int
302    -72.84653182         9.094979440000003    4.820088897647059    # force=True stress=True config=Bi_int
303    -71.93183223         9.689229600000004    4.801238931176471    # force=True stress=True config=Bi_int
304    -71.69305537         10.388573430000008   4.828331105882353    # force=True stress=True config=Bi_int
305    -77.88787339         5.158852460000006    4.885101520588235    # force=True stress=True config=Bi_int
306    -77.11621491         5.4935617099999945   4.859398624705882    # force=True stress=True config=Bi_int
307    -76.60270971         5.771312850000001    4.84553073882353     # force=True stress=True config=Bi_int
308    -75.07557768         7.585889840000007    4.862439265882353    # force=True stress=True config=Bi_int
309    -78.00984234         4.905001259999992    4.87734374117647     # force=True stress=True config=Bi_int
310    -72.26397615         9.751867020000006    4.824461362941177    # force=True stress=True config=Bi_int
311    -73.98334497         8.253320029999998    4.837450882352941    # force=True stress=True config=Bi_int
312    -74.49208377         7.656597539999993    4.83227537117647     # force=True stress=True config=Bi_int
313    -75.27202865         7.197601999999989    4.851154744117646    # force=True stress=True config=Bi_int
314    -75.71678827         6.886238779999999    4.859001591176471    # force=True stress=True config=Bi_int
315    -76.24524336         6.539657300000002    4.86970003882353     # force=True stress=True config=Bi_int
316    -74.24342244         7.94388094           4.834547257647059    # force=True stress=True config=Bi_int
317    -74.03110258         8.342077310000008    4.84548117           # force=True stress=True config=Bi_int
318    -72.40287324         9.602680620000001    4.823856109411765    # force=True stress=True config=Bi_int
319    -75.74397911         6.958537320000005    4.864853907647059    # force=True stress=True config=Bi_int
320    -72.91200037         9.328689120000007    4.837687617058824    # force=True stress=True config=Bi_int
321    -79.11738131         3.9286726100000067   4.885061995294118    # force=True stress=True config=Bi_int
322    -77.89253337         5.063307199999997    4.879755327647058    # force=True stress=True config=Bi_int
323    -72.59382736         9.269641190000002    4.815498150000001    # force=True stress=True config=Bi_int
324    -74.89301274         7.467259870000007    4.844721918235295    # force=True stress=True config=Bi_int
325    -77.0909806          5.679893220000011    4.868874930588236    # force=True stress=True config=Bi_int
326    -77.98031211         4.921583069999997    4.876582069411764    # force=True stress=True config=Bi_int
327    -73.47545089         8.848550059999994    4.842588291176471    # force=True stress=True config=Bi_int
328    -77.9472981          4.752511940000005    4.8646947082352945   # force=True stress=True config=Bi_int
329    -71.92388272         9.832018130000009    4.809170638235294    # force=True stress=True config=Bi_int
330    -71.91085724         9.738961329999995    4.802930504117647    # force=True stress=True config=Bi_int
331    -79.10406377         4.0233305            4.889846721764705    # force=True stress=True config=Bi_int
332    -77.40301712         5.383322190000001    4.869784665294118    # force=True stress=True config=Bi_int
333    -73.12356054         9.232902450000012    4.844497822941177    # force=True stress=True config=Bi_int
334    -73.73276614         8.151851229999991    4.816742198235294    # force=True stress=True config=Bi_int
335    -77.04775511         5.814140049999992    4.874229127058823    # force=True stress=True config=Bi_int
336    -76.16693603         6.021039709999997    4.834586808235294    # force=True stress=True config=Bi_int
337    -71.61041755         10.411968209999998   4.82484622117647     # force=True stress=True config=Bi_int
338    -76.6967805          6.105528929999991    4.870724084117647    # force=True stress=True config=Bi_int
339    -78.34019571         4.780618709999999    4.889459671764706    # force=True stress=True config=Bi_int
340    -75.07364341         7.558140309999999    4.86069316           # force=True stress=True config=Bi_int
341    -82.30032565         -4.156227110000003   4.59671167882353     # force=True stress=True config=Bi_int
342    -81.01901845         -4.067316930000004   4.526570677647059    # force=True stress=True config=Bi_int
343    -79.18330282         -4.428758420000008   4.39732614117647     # force=True stress=True config=Bi_int
344    -81.92647532         -3.909030329999993   4.58926147           # force=True stress=True config=Bi_int
345    -81.27336526         -3.5349245600000074  4.572849452941177    # force=True stress=True config=Bi_int
346    -81.23900945         -3.91637695          4.548390147058823    # force=True stress=True config=Bi_int
347    -80.60780905         -3.5286999100000003  4.534065243529412    # force=True stress=True config=Bi_int
348    -80.28305908         -5.104611730000002   4.422261608823529    # force=True stress=True config=Bi_int
349    -81.50140656         -4.783227620000005   4.5128340552941175   # force=True stress=True config=Bi_int
350    -78.92896284         -4.877231370000004   4.355984204117647    # force=True stress=True config=Bi_int
351    -81.80122367         -5.470922600000009   4.490017709999999    # force=True stress=True config=Bi_int
352    -79.52875809         -1.3245716299999941  4.600246262352941    # force=True stress=True config=Bi_int
353    -81.84868266         -3.3265981999999923  4.618946144705882    # force=True stress=True config=Bi_int
354    -82.50669356         -4.870327939999996   4.566845036470589    # force=True stress=True config=Bi_int
355    -79.11022909         -4.296622229999997   4.400800403529412    # force=True stress=True config=Bi_int
356    -77.25354121         -0.6884003599999886  4.503831814705883    # force=True stress=True config=Bi_int
357    -80.28524341         -3.8960866799999962  4.493479807647059    # force=True stress=True config=Bi_int
358    -81.85062776         -5.0846127800000005  4.51564794           # force=True stress=True config=Bi_int
359    -80.83621235         -3.7675839000000053  4.533448732352941    # force=True stress=True config=Bi_int
360    -80.35204114         -2.4416751999999917  4.582962702352941    # force=True stress=True config=Bi_int
361    -79.30004118         -0.8866873600000105  4.612550224705881    # force=True stress=True config=Bi_int
362    -80.36794776         -5.163030370000001   4.42381867           # force=True stress=True config=Bi_int
363    -81.32833831         -4.192937889999996   4.537376495294119    # force=True stress=True config=Bi_int
364    -80.92645369         -3.3811345499999987  4.561489361176471    # force=True stress=True config=Bi_int
365    -82.03670032         -4.72409755000001    4.547800162941176    # force=True stress=True config=Bi_int
366    -80.82556865         -3.684672489999997   4.537699774117647    # force=True stress=True config=Bi_int
367    -78.16993004         -2.081706859999997   4.475777834117647    # force=True stress=True config=Bi_int
368    -80.02923967         -3.2481082400000076  4.516537142941176    # force=True stress=True config=Bi_int
369    -81.23137232         -3.779159640000003   4.556012510588236    # force=True stress=True config=Bi_int
370    -79.51676312         -3.064922469999999   4.497167097058823    # force=True stress=True config=Bi_int
371    -80.25473651         -2.299556179999996   4.5855988429411765   # force=True stress=True config=Bi_int
372    -81.26815138         -4.045641709999998   4.54250056882353     # force=True stress=True config=Bi_int
373    -80.74010323         -3.6864871700000066  4.532565650588235    # force=True stress=True config=Bi_int
374    -81.51179871         -3.2463284199999975  4.603851193529412    # force=True stress=True config=Bi_int
375    -80.66008308         -5.057018050000011   4.447239119411765    # force=True stress=True config=Bi_int
376    -76.81992163         0.2697908400000131   4.53468896882353     # force=True stress=True config=Bi_int
377    -81.76839646         -4.191220559999991   4.563363288235295    # force=True stress=True config=Bi_int
378    -81.31583998         -5.274751600000002   4.47300519882353     # force=True stress=True config=Bi_int
379    -80.9431545          -5.233381890000004   4.453516035882353    # force=True stress=True config=Bi_int
380    -78.33716528         -0.09246197999999595 4.602629605882353    # force=True stress=True config=Bi_int
381    -82.30863942         -4.832384650000009   4.557426751176471    # force=True stress=True config=Bi_int
382    -82.79240958         -4.319876559999997   4.616031354117647    # force=True stress=True config=Bi_int
383    -77.55229441         1.023006339999995    4.622076514705882    # force=True stress=True config=Bi_int
384    -81.09870887         -2.705451800000006   4.6113680629411755   # force=True stress=True config=Bi_int
385    -81.33215551         -4.257385980000009   4.533809972352941    # force=True stress=True config=Bi_int
386    -78.23441411         0.057558830000004946 4.605410172941177    # force=True stress=True config=Bi_int
387    -80.50713312         -2.818182829999998   4.569938252352942    # force=True stress=True config=Bi_int
388    -82.29783145         -5.360208560000004   4.525742522941177    # force=True stress=True config=Bi_int
389    -81.45512409         -5.52291846          4.466600331176471    # force=True stress=True config=Bi_int
390    -79.69085085         -5.238149390000004   4.379570674117647    # force=True stress=True config=Bi_int
391    -81.17658455         -3.8671572500000053  4.547613370588235    # force=True stress=True config=Bi_int
392    -79.66775801         -3.71863166          4.467595667647059    # force=True stress=True config=Bi_int
393    -81.91037022         -3.914594390000005   4.587986813529412    # force=True stress=True config=Bi_int
394    -80.72038979         -3.3852504599999946  4.5491258429411765   # force=True stress=True config=Bi_int
395    -81.39696131         -3.271006749999998   4.595644385882353    # force=True stress=True config=Bi_int
396    -80.87137797         -4.362469570000002   4.500524023529412    # force=True stress=True config=Bi_int
397    -81.92394751         -3.5791811600000045  4.608515667647059    # force=True stress=True config=Bi_int
398    -80.83811874         -3.4684595599999994  4.551156422352941    # force=True stress=True config=Bi_int
399    -80.08520929         -3.9800066800000025  4.4767766241176465   # force=True stress=True config=Bi_int
400    -81.89875526         -3.528264329999999   4.610028878235294    # force=True stress=True config=Bi_int
401    -334.99203431        -3.7714578000000074  5.095701177076923    # force=True stress=True config=Bi_int
402    -333.27458055        -3.521180549999997   5.073129230769231    # force=True stress=True config=Bi_int
403    -333.10713074        -3.9108381500000178  5.064558347538461    # force=True stress=True config=Bi_int
404    -333.07993122        -3.406223080000018   5.0719032021538455   # force=True stress=True config=Bi_int
405    -334.35982564        -3.52057259999998    5.089834662153846    # force=True stress=True config=Bi_int
406    -336.60957091        -3.9075928600000225  5.11849197           # force=True stress=True config=Bi_int
407    -335.17030279        -3.3358606200000054  5.105145264153846    # force=True stress=True config=Bi_int
408    -335.04000977        -3.4236031000000366  5.101790871846153    # force=True stress=True config=Bi_int
409    -334.77855957        -3.2334566500000506  5.100693891076923    # force=True stress=True config=Bi_int
410    -334.66876943        -3.1552966599999763  5.1002072733846155   # force=True stress=True config=Bi_int
411    -333.33435974        -3.744302400000038   5.070616266769231    # force=True stress=True config=Bi_int
412    -334.00715936        -3.033098969999969   5.091908621384616    # force=True stress=True config=Bi_int
413    -333.37843241        -3.143970299999978   5.080530186307693    # force=True stress=True config=Bi_int
414    -332.97864536        -3.2521871499999975  5.072714741692307    # force=True stress=True config=Bi_int
415    -334.74064881        -4.026872259999948   5.087904254615385    # force=True stress=True config=Bi_int
416    -332.61879149        -3.6566539400000124  5.060955962307692    # force=True stress=True config=Bi_int
417    -333.53068716        -3.8051143800000204  5.072701119692308    # force=True stress=True config=Bi_int
418    -333.43615165        -3.1531989700000054  5.081276195076923    # force=True stress=True config=Bi_int
419    -332.48962592        -3.4311846699999933  5.0624375576923075   # force=True stress=True config=Bi_int
420    -334.46655596        -3.3732058900000084  5.093743847230769    # force=True stress=True config=Bi_int
421    -335.96962813        -3.943217269999991   5.108098628615385    # force=True stress=True config=Bi_int
422    -334.58121256        -3.766033719999996   5.089464289846154    # force=True stress=True config=Bi_int
423    -334.39647127        -3.623813870000049   5.0888101138461534   # force=True stress=True config=Bi_int
424    -330.30205588        -1.8023482400000148  5.053841656          # force=True stress=True config=Bi_int
425    -334.35868065        -3.2611877599999843  5.093807582923077    # force=True stress=True config=Bi_int
426    -331.66695431        -3.1031645900000058  5.054827534153846    # force=True stress=True config=Bi_int
427    -335.27432591        -3.735845519999998   5.100592006          # force=True stress=True config=Bi_int
428    -331.59183951        -4.025823539999976   5.039477168769231    # force=True stress=True config=Bi_int
429    -334.08904971        -3.505555890000039   5.085899904923076    # force=True stress=True config=Bi_int
430    -335.27042059        -4.075844879999977   5.095301164769231    # force=True stress=True config=Bi_int
431    -333.80183565        -3.0719210000000317  5.088152533076922    # force=True stress=True config=Bi_int
432    -334.01388215        -3.432257580000055   5.085871147230768    # force=True stress=True config=Bi_int
433    -333.56385959        -3.823787159999995   5.072924191230769    # force=True stress=True config=Bi_int
434    -334.38721076        -3.156615839999972   5.095855306461539    # force=True stress=True config=Bi_int
435    -333.83232774        -2.4710903699999562  5.097865190307693    # force=True stress=True config=Bi_int
436    -336.0251855         -3.5630482600000164  5.114802111384615    # force=True stress=True config=Bi_int
437    -335.25786458        -3.125869840000007   5.1097229959999995   # force=True stress=True config=Bi_int
438    -332.30380036        -3.1529659199999855  5.063858991384616    # force=True stress=True config=Bi_int
439    -332.89592295        -3.508309209999993   5.067501749846154    # force=True stress=True config=Bi_int
440    -333.89149437        -3.375023580000004   5.084868781384615    # force=True stress=True config=Bi_int
441    -333.9780771         -3.5747564299999794  5.083128010307693    # force=True stress=True config=Bi_int
442    -335.63531411        -3.348244100000045   5.112108769384615    # force=True stress=True config=Bi_int
443    -334.17554902        -3.3931466299999897  5.088960036769231    # force=True stress=True config=Bi_int
444    -334.65644804        -3.5093925600000375  5.0945700843076915   # force=True stress=True config=Bi_int
445    -333.9678337         -3.2894152499999905  5.087360283846154    # force=True stress=True config=Bi_int
446    -329.88177549        -3.482776759999979   5.0215230573846155   # force=True stress=True config=Bi_int
447    -334.49120145        -3.546017500000005   5.091464368461539    # force=True stress=True config=Bi_int
448    -330.90776972        -3.5579942800000026  5.036150391384615    # force=True stress=True config=Bi_int
449    -333.59307294        -3.9598549899999966  5.071280276153846    # force=True stress=True config=Bi_int
450    -336.91162894        -3.783951810000019   5.125041186615385    # force=True stress=True config=Bi_int
451    6.58320821           0.92024294           -2.831482635         # force=True stress=True config=Bi_Bi_dimer
452    3.91891075           -0.73480094          -2.326855845         # force=True stress=True config=Bi_Bi_dimer
453    1.74578493           -2.07958225          -1.9126835899999999  # force=True stress=True config=Bi_Bi_dimer
454    -0.00605869          -3.16147253          -1.57770692          # force=True stress=True config=Bi_Bi_dimer
455    -1.40359808          -4.02033541          -1.3083686650000002  # force=True stress=True config=Bi_Bi_dimer
456    -2.50753906          -4.69006384          -1.0912623899999998  # force=True stress=True config=Bi_Bi_dimer
457    -3.37066443          -5.19978833          -0.9145619499999997  # force=True stress=True config=Bi_Bi_dimer
458    -4.03744058          -5.57471473          -0.768637075         # force=True stress=True config=Bi_Bi_dimer
459    -4.54446086          -5.83670564          -0.6461223899999999  # force=True stress=True config=Bi_Bi_dimer
460    -4.92136022          -6.00465483          -0.5416473049999997  # force=True stress=True config=Bi_Bi_dimer
461    -5.1919342           -6.0948039           -0.4514348499999996  # force=True stress=True config=Bi_Bi_dimer
462    -5.37527101          -6.12104102          -0.3728850050000001  # force=True stress=True config=Bi_Bi_dimer
463    -5.48677152          -6.09518648          -0.3042074800000001  # force=True stress=True config=Bi_Bi_dimer
464    -5.53900088          -6.02725623          -0.2441276750000001  # force=True stress=True config=Bi_Bi_dimer
465    -5.54236581          -5.92570485          -0.19166952000000004 # force=True stress=True config=Bi_Bi_dimer
466    -5.50559724          -5.79763637          -0.14601956500000002 # force=True stress=True config=Bi_Bi_dimer
467    -5.43610808          -5.64900477          -0.106448345         # force=True stress=True config=Bi_Bi_dimer
468    -5.34022899          -5.48478479          -0.0722779           # force=True stress=True config=Bi_Bi_dimer
469    -5.22336318          -5.3091235           -0.04288016000000017 # force=True stress=True config=Bi_Bi_dimer
470    -5.09011836          -5.12546785          -0.01767474499999988 # force=True stress=True config=Bi_Bi_dimer
# NOTE: output xyz db.xyz already exists, appending new output
# NOTE: output folder out_vasp already exists, some output may be overwritten
471    -4.94439005          -4.93667421          0.003857920000000181 # force=True stress=True config=Bi_Bi_dimer
472    -4.78944942          -4.7450998           0.0221748100000001   # force=True stress=True config=Bi_Bi_dimer
473    -4.62803116          -4.55267858          0.037676289999999835 # force=True stress=True config=Bi_Bi_dimer
474    -4.46241539          -4.36099059          0.0507124000000001   # force=True stress=True config=Bi_Bi_dimer
475    -4.29449971          -4.17131619          0.06159176000000022  # force=True stress=True config=Bi_Bi_dimer
476    -4.125856            -3.98468346          0.07058626999999995  # force=True stress=True config=Bi_Bi_dimer
477    -3.95777962          -3.80191273          0.07793344499999999  # force=True stress=True config=Bi_Bi_dimer
478    -3.79133041          -3.62364253          0.08384393999999995  # force=True stress=True config=Bi_Bi_dimer
479    -3.62737307          -3.45036443          0.08850431999999997  # force=True stress=True config=Bi_Bi_dimer
480    -3.46659256          -3.28244844          0.09207206000000001  # force=True stress=True config=Bi_Bi_dimer
481    -2.66644904          -2.47086987          0.0977895849999999   # force=True stress=True config=Bi_Bi_dimer
482    -2.21302646          -2.02576239          0.09363203499999995  # force=True stress=True config=Bi_Bi_dimer
483    -1.35181965          -1.20655032          0.07263466499999993  # force=True stress=True config=Bi_Bi_dimer
484    -0.80419833          -0.7059814           0.04910846499999999  # force=True stress=True config=Bi_Bi_dimer
485    154.45128586         282.32808663294776   63.93840038647387    # force=True stress=True config=Bi_Si_dimer
486    134.55371734         217.9413228456965    41.693802752848256   # force=True stress=True config=Bi_Si_dimer
487    116.82528813         169.73518361303218   26.454947741516087   # force=True stress=True config=Bi_Si_dimer
488    100.89591325         133.46415971524306   16.284123232621525   # force=True stress=True config=Bi_Si_dimer
489    86.76856169          105.80361764688176   9.517527978440881    # force=True stress=True config=Bi_Si_dimer
490    74.34493564          84.45864376233098    5.056854061165488    # force=True stress=True config=Bi_Si_dimer
491    63.43551312          67.72420618659618    2.144346533298087    # force=True stress=True config=Bi_Si_dimer
492    53.84678367          54.386410199527      0.2698132647634992   # force=True stress=True config=Bi_Si_dimer
493    45.39384356          43.613931881438006   -0.8899558392809972  # force=True stress=True config=Bi_Si_dimer
494    37.91564968          34.81531108973416    -1.5501692951329211  # force=True stress=True config=Bi_Si_dimer
495    31.28753195          27.55285287363039    -1.8673395381848064  # force=True stress=True config=Bi_Si_dimer
496    25.42454315          21.521620532829182   -1.9514613085854098  # force=True stress=True config=Bi_Si_dimer
497    20.27263471          16.487979614077876   -1.8923275479610613  # force=True stress=True config=Bi_Si_dimer
498    15.79228535          12.286656599999997   -1.7528143750000016  # force=True stress=True config=Bi_Si_dimer
499    4.52047781           2.5802756010797174   -0.9701011044601413  # force=True stress=True config=Bi_Si_dimer
500    -0.01445252          -1.2418802089202825  -0.6137138444601412  # force=True stress=True config=Bi_Si_dimer
501    -2.60103173          -3.3715634989202825  -0.3852658844601413  # force=True stress=True config=Bi_Si_dimer
502    -3.96401676          -4.417827788920283   -0.2269055144601415  # force=True stress=True config=Bi_Si_dimer
503    -4.60490269          -4.872985498920283   -0.13404140446014123 # force=True stress=True config=Bi_Si_dimer
504    -4.90088296          -5.027185698920283   -0.06315136946014155 # force=True stress=True config=Bi_Si_dimer
505    -4.97180791          -4.966845018920282   0.00248144553985874  # force=True stress=True config=Bi_Si_dimer
506    -4.84350864          -4.733037528920282   0.055235555539858705 # force=True stress=True config=Bi_Si_dimer
507    -4.58683287          -4.401904248920283   0.09246431053985882  # force=True stress=True config=Bi_Si_dimer
508    -4.26047346          -4.024086578920283   0.11819344053985859  # force=True stress=True config=Bi_Si_dimer
509    -3.90461012          -3.8346552799999998  0.03497742000000015  # force=True stress=True config=Bi_Si_dimer
510    -3.54060791          -3.44839003          0.046108939999999876 # force=True stress=True config=Bi_Si_dimer
511    -3.18563514          -3.07980406          0.052915540000000094 # force=True stress=True config=Bi_Si_dimer
512    -2.84909761          -2.73580535          0.05664612999999985  # force=True stress=True config=Bi_Si_dimer
513    -2.53631271          -2.41988101          0.05821584999999985  # force=True stress=True config=Bi_Si_dimer
514    -2.24991712          -2.13333899          0.058289065000000084 # force=True stress=True config=Bi_Si_dimer
515    -2.24991712          -2.13333899          0.058289065000000084 # force=True stress=True config=Bi_Si_dimer
516    -1.99082985          -1.87612209          0.05735387999999997  # force=True stress=True config=Bi_Si_dimer
517    -1.75895508          -1.6474000599999998  0.055777510000000086 # force=True stress=True config=Bi_Si_dimer
518    -1.55370341          -1.44602045          0.05384148           # force=True stress=True config=Bi_Si_dimer
519    -1.37441924          -1.2708712199999999  0.05177401000000004  # force=True stress=True config=Bi_Si_dimer
520    -1.22079521          -1.12125751          0.049768849999999976 # force=True stress=True config=Bi_Si_dimer
521    -1.09341196          -0.9973908800000001  0.04801053999999999  # force=True stress=True config=Bi_Si_dimer
522    -0.99458956          -0.90121194          0.04668880999999997  # force=True stress=True config=Bi_Si_dimer
523    -0.92958636          -0.8377653500000001  0.045910504999999935 # force=True stress=True config=Bi_Si_dimer
524    -0.90642704          -0.8151021900000001  0.04566242499999995  # force=True stress=True config=Bi_Si_dimer
525    -0.9065515           -0.81522383          0.045663834999999986 # force=True stress=True config=Bi_Si_dimer
526    -0.05010479          -0.05859601          -0.008491219999999994 # force=True stress=True config=isolated_atom
527    -68.47867382         3.4860817099999934   4.233220913529411    # force=True stress=True config=Bi_double
528    -71.67550117         0.7277705700000041   4.259015984705883    # force=True stress=True config=Bi_double
529    -73.44476483         -0.5324219499999998  4.288961345882353    # force=True stress=True config=Bi_double
530    -73.68718341         -0.9931194600000026  4.2761214088235295   # force=True stress=True config=Bi_double
531    -67.71903564         3.989459860000011    4.218146794117648    # force=True stress=True config=Bi_double
532    -69.00884637         3.055873790000007    4.239101185882354    # force=True stress=True config=Bi_double
533    -68.70998921         3.457908769999989    4.2451704694117645   # force=True stress=True config=Bi_double
534    -64.78226617         6.8222788600000115   4.2120320605882355   # force=True stress=True config=Bi_double
535    -71.67604339         0.9052386099999978   4.269487176470588    # force=True stress=True config=Bi_double
536    -64.96652685         5.863040620000007    4.166445145294118    # force=True stress=True config=Bi_double
537    -72.07177897         0.7235676800000022   4.282079214705882    # force=True stress=True config=Bi_double
538    -70.25859082         1.9155020200000052   4.245534872941176    # force=True stress=True config=Bi_double
539    -73.40389542         -0.5051649600000019  4.288160615294117    # force=True stress=True config=Bi_double
540    -68.25290931         3.866412490000002    4.242313047058824    # force=True stress=True config=Bi_double
541    -68.33317462         3.971395290000004    4.253209994705882    # force=True stress=True config=Bi_double
542    -66.37967156         5.2688532399999986   4.2146191058823534   # force=True stress=True config=Bi_double
543    -68.25763943         3.463673869999994    4.21890078235294     # force=True stress=True config=Bi_double
544    -68.09264815         4.026349600000003    4.242293985294118    # force=True stress=True config=Bi_double
545    -59.22155537         9.65836071999999     4.051759769999999    # force=True stress=True config=Bi_double
546    -69.62506823         2.1670886099999933   4.223068049411764    # force=True stress=True config=Bi_double
547    -70.85359826         1.359913139999989    4.247853611764705    # force=True stress=True config=Bi_double
548    -67.59138754         4.173047150000002    4.2214373347058824   # force=True stress=True config=Bi_double
549    -70.57535935         1.7579277399999995   4.2548992405882355   # force=True stress=True config=Bi_double
550    -66.43648578         5.348139870000011    4.222625038235295    # force=True stress=True config=Bi_double
551    -66.71686039         5.309403700000004    4.236839064117647    # force=True stress=True config=Bi_double
552    -72.3526443          0.347165540000006    4.276459402352941    # force=True stress=True config=Bi_double
553    -66.27730877         5.53794142000001     4.224426481764707    # force=True stress=True config=Bi_double
554    -72.47804186         0.18218783999999744  4.274131158823529    # force=True stress=True config=Bi_double
555    -73.81384119         -0.6821065399999924  4.301866744117648    # force=True stress=True config=Bi_double
556    -61.3597323          8.152949550000002    4.088981285294118    # force=True stress=True config=Bi_double
557    -68.01841037         3.7220922799999983   4.2200295676470585   # force=True stress=True config=Bi_double
558    -73.4977049          -0.7243780299999969  4.280783933529412    # force=True stress=True config=Bi_double
559    -72.94787244         -0.30878942000001075 4.272887236470588    # force=True stress=True config=Bi_double
560    -66.98518713         4.658417709999995    4.214329696470588    # force=True stress=True config=Bi_double
561    -60.99740926         8.430888909999993    4.084017539411764    # force=True stress=True config=Bi_double
562    -64.12635375         5.865661499999987    4.117177367647058    # force=True stress=True config=Bi_double
563    -72.31075409         0.4339406099999934   4.279099688235294    # force=True stress=True config=Bi_double
564    -68.50065487         3.1487514800000014   4.214670961764706    # force=True stress=True config=Bi_double
565    -66.0076748          4.89880445           4.170969367647059    # force=True stress=True config=Bi_double
566    -73.09652461         -0.39796205000000384 4.2763860329411765   # force=True stress=True config=Bi_double
567    -72.17993483         0.41216810000000237  4.270123701764706    # force=True stress=True config=Bi_double
568    -68.32625897         2.9517959399999967   4.192826759411765    # force=True stress=True config=Bi_double
569    -70.63156291         1.8339986599999918   4.262680092352941    # force=True stress=True config=Bi_double
570    -70.82030255         1.3190227700000037   4.243489724705882    # force=True stress=True config=Bi_double
571    -67.43345765         4.589156420000009    4.236624357058823    # force=True stress=True config=Bi_double
572    -64.01753249         5.763396799999995    4.104760546470588    # force=True stress=True config=Bi_double
573    -71.07472587         1.577493590000003    4.273659968235294    # force=True stress=True config=Bi_double
574    -73.34324193         -0.6296977299999895  4.277267305882354    # force=True stress=True config=Bi_double
575    -70.42098441         1.9913897899999995   4.259551423529412    # force=True stress=True config=Bi_double
576    -65.29951301         6.0199382100000065   4.195261836470588    # force=True stress=True config=Bi_double
577    -72.65250009         -5.496146570000008   4.477090234666666    # force=True stress=True config=Bi_vac_migration
578    -69.28943401         -6.1059283900000025  4.212233707999999    # force=True stress=True config=Bi_vac_migration
579    -73.18575565         -6.201089490000001   4.465644410666667    # force=True stress=True config=Bi_vac_migration
580    -73.43705598         -6.021794200000002   4.494350785333333    # force=True stress=True config=Bi_vac_migration
581    -74.32149256         -6.252921979999996   4.537904705333333    # force=True stress=True config=Bi_vac_migration
582    -70.2273441          -6.252963640000004   4.264958697333332    # force=True stress=True config=Bi_vac_migration
583    -73.41998488         -6.154637210000004   4.484356511333333    # force=True stress=True config=Bi_vac_migration
584    -70.35307901         -6.061671450000006   4.2860938373333335   # force=True stress=True config=Bi_vac_migration
585    -71.73707901         -5.983666659999997   4.383560823333334    # force=True stress=True config=Bi_vac_migration
586    -71.19238978         -6.141905300000005   4.3366989653333325   # force=True stress=True config=Bi_vac_migration
587    -71.1670387          -6.181844869999992   4.332346255333334    # force=True stress=True config=Bi_vac_migration
588    -71.97353973         -5.698528600000003   4.418334075333333    # force=True stress=True config=Bi_vac_migration
589    -71.04344503         -6.148553629999995   4.326326093333334    # force=True stress=True config=Bi_vac_migration
590    -73.1521141          -6.331317439999992   4.4547197773333345   # force=True stress=True config=Bi_vac_migration
591    -73.51533157         -6.061765059999999   4.496904434          # force=True stress=True config=Bi_vac_migration
592    -73.12888779         -6.421324729999995   4.447170870666667    # force=True stress=True config=Bi_vac_migration
593    -72.07994758         -6.42523125999999    4.376981088          # force=True stress=True config=Bi_vac_migration
594    -74.76703994         -6.081018040000004   4.579068126666667    # force=True stress=True config=Bi_vac_migration
595    -70.59332707         -6.02696152          4.30442437           # force=True stress=True config=Bi_vac_migration
596    -71.1770938          -5.851165980000005   4.355061854666666    # force=True stress=True config=Bi_vac_migration
597    -72.23410013         -6.22743075999999    4.400444624666667    # force=True stress=True config=Bi_vac_migration
598    -74.89834537         -6.111065879999998   4.585818632666667    # force=True stress=True config=Bi_vac_migration
599    -71.45247835         -5.5181154500000105  4.395624193333333    # force=True stress=True config=Bi_vac_migration
600    -73.28562544         -6.130470540000005   4.477010326666667    # force=True stress=True config=Bi_vac_migration
601    -73.3684192          -5.606810719999999   4.517440565333334    # force=True stress=True config=Bi_vac_migration
602    -73.27770312         -6.027942400000001   4.483317381333333    # force=True stress=True config=Bi_vac_migration
603    -72.8399589          -5.965309140000002   4.458309984          # force=True stress=True config=Bi_vac_migration
604    -71.1290162          -5.355542700000001   4.384898233333333    # force=True stress=True config=Bi_vac_migration
605    -71.86393608         -5.032483940000006   4.455430142666667    # force=True stress=True config=Bi_vac_migration
606    -71.24595981         -5.314985190000002   4.395398308          # force=True stress=True config=Bi_vac_migration
607    -71.5545416          -5.739917649999995   4.387641596666667    # force=True stress=True config=Bi_vac_migration
608    -69.26314943         -3.6019350400000008  4.377414292666667    # force=True stress=True config=Bi_vac_migration
609    -70.94303776         -5.35514735000001    4.372526027333333    # force=True stress=True config=Bi_vac_migration
610    -68.66180492         -5.718071089999995   4.196248922          # force=True stress=True config=Bi_vac_migration
611    -71.70739375         -4.981911800000006   4.4483654633333325   # force=True stress=True config=Bi_vac_migration
612    -69.47414229         -4.377834280000002   4.339753867333333    # force=True stress=True config=Bi_vac_migration
613    -71.95060475         -4.895812030000002   4.4703195146666665   # force=True stress=True config=Bi_vac_migration
614    -69.58882493         -4.3029379500000005  4.352392465333334    # force=True stress=True config=Bi_vac_migration
615    -70.2227179          -4.354830499999991   4.391192493333334    # force=True stress=True config=Bi_vac_migration
616    -69.47381547         -3.224755959999996   4.416603967333334    # force=True stress=True config=Bi_vac_migration
617    -69.98918741         -3.012156189999999   4.465135414666666    # force=True stress=True config=Bi_vac_migration
618    -69.21894699         -4.663414999999986   4.303702132666668    # force=True stress=True config=Bi_vac_migration
619    -69.92659701         -4.203620110000003   4.381531793333333    # force=True stress=True config=Bi_vac_migration
620    -70.21276735         -3.118892180000003   4.4729250113333325   # force=True stress=True config=Bi_vac_migration
621    -72.65461464         -5.6956982999999894  4.463927756000001    # force=True stress=True config=Bi_vac_migration
622    -70.4007838          -5.890066829999995   4.300714464666667    # force=True stress=True config=Bi_vac_migration
623    -72.29939843         -5.816442350000003   4.432197071999999    # force=True stress=True config=Bi_vac_migration
624    -72.64604679         -5.790722520000003   4.457021618          # force=True stress=True config=Bi_vac_migration
625    -71.21100641         -5.483788780000012   4.3818145086666656   # force=True stress=True config=Bi_vac_migration
626    -74.40714681         -6.143310870000008   4.550922396          # force=True stress=True config=Bi_vac_migration
627    -73.36624031         -5.969455019999998   4.493119019333333    # force=True stress=True config=Bi_vac_migration
628    -72.68572389         -6.096271099999996   4.439296852666668    # force=True stress=True config=Bi_vac_migration
629    -72.29593332         -5.95059431          4.423022600666667    # force=True stress=True config=Bi_vac_migration
630    -69.2082156          -5.933552929999998   4.218310844666667    # force=True stress=True config=Bi_vac_migration
631    -72.68050613         -5.742343429999991   4.46254418           # force=True stress=True config=Bi_vac_migration
632    -70.1975789          -5.928041179999994   4.284635848          # force=True stress=True config=Bi_vac_migration
633    -72.42613865         -5.817067249999994   4.44060476           # force=True stress=True config=Bi_vac_migration
634    -72.57484047         -5.749957550000005   4.454992194666667    # force=True stress=True config=Bi_vac_migration
635    -70.68694495         -5.245345079999993   4.362773324666667    # force=True stress=True config=Bi_vac_migration
636    -74.18237375         -6.009329780000002   4.544869598          # force=True stress=True config=Bi_vac_migration
637    -74.04052083         -6.268990509999995   4.518102021333334    # force=True stress=True config=Bi_vac_migration
638    -73.2437201          -6.2835729199999975  4.4640098120000005   # force=True stress=True config=Bi_vac_migration
639    -72.53525445         -6.098393269999988   4.429124078666667    # force=True stress=True config=Bi_vac_migration
640    -69.44496446         -5.904974419999995   4.235999336          # force=True stress=True config=Bi_vac_migration
641    -73.15159304         -5.947038919999997   4.480303608          # force=True stress=True config=Bi_vac_migration
642    -70.8664472          -6.212463499999998   4.31026558           # force=True stress=True config=Bi_vac_migration
643    -72.96222948         -6.157663470000003   4.453637734          # force=True stress=True config=Bi_vac_migration
644    -73.34894169         -6.127025029999999   4.481461110666667    # force=True stress=True config=Bi_vac_migration
645    -72.2744866          -6.251575729999999   4.4015273913333335   # force=True stress=True config=Bi_vac_migration
646    -74.32287094         -6.003766340000013   4.554606973333333    # force=True stress=True config=Bi_vac_migration
# reached end of file train.xyz for index 647
